#
# There is insufficient memory for the Java Runtime Environment to continue.
# Native memory allocation (malloc) failed to allocate 119520 bytes for Chunk::new
# Possible reasons:
#   The system is out of physical RAM or swap space
#   The process is running with CompressedOops enabled, and the Java Heap may be blocking the growth of the native heap
# Possible solutions:
#   Reduce memory load on the system
#   Increase physical memory or swap space
#   Check if swap backing store is full
#   Decrease Java heap size (-Xmx/-Xms)
#   Decrease number of Java threads
#   Decrease Java thread stack sizes (-Xss)
#   Set larger code cache with -XX:ReservedCodeCacheSize=
#   JVM is running with Unscaled Compressed Oops mode in which the Java heap is
#     placed in the first 4GB address space. The Java Heap base address is the
#     maximum limit for the native heap growth. Please use -XX:HeapBaseMinAddress
#     to set the Java Heap base and to place the Java Heap above 4GB virtual address.
# This output file may be truncated or incomplete.
#
#  Out of Memory Error (arena.cpp:168), pid=19304, tid=6636
#
# JRE version: Java(TM) SE Runtime Environment (21.0.1+12) (build 21.0.1+12-LTS-29)
# Java VM: Java HotSpot(TM) 64-Bit Server VM (21.0.1+12-LTS-29, mixed mode, sharing, tiered, compressed oops, compressed class ptrs, g1 gc, windows-amd64)
# No core dump will be written. Minidumps are not enabled by default on client versions of Windows
#

---------------  S U M M A R Y ------------

Command Line: -Dfile.encoding=UTF-8 --module-path=C:\Users\Administrator\Documents\NetBeansProjects\Employee Management System\build\classes employee.management.system.AddEmp

Host: AMD Ryzen 3 3250U with Radeon Graphics         , 4 cores, 3G,  Windows 11 , 64 bit Build 22621 (10.0.22621.2506)
Time: Wed Jan  3 11:52:38 2024 India Standard Time elapsed time: 0.604442 seconds (0d 0h 0m 0s)

---------------  T H R E A D  ---------------

Current thread (0x0000020befbf71b0):  JavaThread "C2 CompilerThread0" daemon [_thread_in_native, id=6636, stack(0x00000044c1100000,0x00000044c1200000) (1024K)]


Current CompileTask:
C2:    604  665       4       java.util.HashMap::putVal (300 bytes)

Stack: [0x00000044c1100000,0x00000044c1200000]
Native frames: (J=compiled Java code, j=interpreted, Vv=VM code, C=native code)
V  [jvm.dll+0x6c9029]
V  [jvm.dll+0x854b81]
V  [jvm.dll+0x856e5e]
V  [jvm.dll+0x857543]
V  [jvm.dll+0x280c06]
V  [jvm.dll+0xc3ead]
V  [jvm.dll+0xc43c3]
V  [jvm.dll+0x3b576c]
V  [jvm.dll+0x1e20b9]
V  [jvm.dll+0x249c22]
V  [jvm.dll+0x2490b1]
V  [jvm.dll+0x1c9ca1]
V  [jvm.dll+0x2586b9]
V  [jvm.dll+0x256c9a]
V  [jvm.dll+0x3ef1b6]
V  [jvm.dll+0x7fd728]
V  [jvm.dll+0x6c777d]
C  [ucrtbase.dll+0x29363]
C  [KERNEL32.DLL+0x1257d]
C  [ntdll.dll+0x5aa58]


---------------  P R O C E S S  ---------------

Threads class SMR info:
_java_thread_list=0x0000020bf42becd0, length=14, elements={
0x0000020bd3028fc0, 0x0000020bd53ad600, 0x0000020bd53ae410, 0x0000020befbf3340,
0x0000020befbf9140, 0x0000020befbf5db0, 0x0000020befbf6420, 0x0000020befbf71b0,
0x0000020befc1ecb0, 0x0000020bf4011070, 0x0000020bf41a3d40, 0x0000020bf4206cc0,
0x0000020bf420ae00, 0x0000020bf420df30
}

Java Threads: ( => current thread )
  0x0000020bd3028fc0 JavaThread "main"                              [_thread_in_vm, id=11156, stack(0x00000044c0200000,0x00000044c0300000) (1024K)]
  0x0000020bd53ad600 JavaThread "Reference Handler"          daemon [_thread_blocked, id=4532, stack(0x00000044c0b00000,0x00000044c0c00000) (1024K)]
  0x0000020bd53ae410 JavaThread "Finalizer"                  daemon [_thread_blocked, id=19588, stack(0x00000044c0c00000,0x00000044c0d00000) (1024K)]
  0x0000020befbf3340 JavaThread "Signal Dispatcher"          daemon [_thread_blocked, id=15556, stack(0x00000044c0d00000,0x00000044c0e00000) (1024K)]
  0x0000020befbf9140 JavaThread "Attach Listener"            daemon [_thread_blocked, id=12968, stack(0x00000044c0e00000,0x00000044c0f00000) (1024K)]
  0x0000020befbf5db0 JavaThread "Service Thread"             daemon [_thread_blocked, id=12872, stack(0x00000044c0f00000,0x00000044c1000000) (1024K)]
  0x0000020befbf6420 JavaThread "Monitor Deflation Thread"   daemon [_thread_blocked, id=8436, stack(0x00000044c1000000,0x00000044c1100000) (1024K)]
=>0x0000020befbf71b0 JavaThread "C2 CompilerThread0"         daemon [_thread_in_native, id=6636, stack(0x00000044c1100000,0x00000044c1200000) (1024K)]
  0x0000020befc1ecb0 JavaThread "C1 CompilerThread0"         daemon [_thread_blocked, id=11216, stack(0x00000044c1200000,0x00000044c1300000) (1024K)]
  0x0000020bf4011070 JavaThread "Common-Cleaner"             daemon [_thread_blocked, id=15740, stack(0x00000044c1300000,0x00000044c1400000) (1024K)]
  0x0000020bf41a3d40 JavaThread "Notification Thread"        daemon [_thread_blocked, id=5468, stack(0x00000044c1400000,0x00000044c1500000) (1024K)]
  0x0000020bf4206cc0 JavaThread "Java2D Disposer"            daemon [_thread_blocked, id=7192, stack(0x00000044c1500000,0x00000044c1600000) (1024K)]
  0x0000020bf420ae00 JavaThread "AWT-Shutdown"                      [_thread_blocked, id=5200, stack(0x00000044c1600000,0x00000044c1700000) (1024K)]
  0x0000020bf420df30 JavaThread "AWT-Windows"                daemon [_thread_in_native, id=10232, stack(0x00000044c1700000,0x00000044c1800000) (1024K)]
Total: 14

Other Threads:
  0x0000020bd5396010 VMThread "VM Thread"                           [id=12584, stack(0x00000044c0900000,0x00000044c0a00000) (1024K)]
  0x0000020bd537bf00 WatcherThread "VM Periodic Task Thread"        [id=1656, stack(0x00000044c0800000,0x00000044c0900000) (1024K)]
  0x0000020bd5311090 WorkerThread "GC Thread#0"                     [id=21984, stack(0x00000044c0300000,0x00000044c0400000) (1024K)]
  0x0000020bd5318c00 ConcurrentGCThread "G1 Main Marker"            [id=1492, stack(0x00000044c0400000,0x00000044c0500000) (1024K)]
  0x0000020bd5319610 WorkerThread "G1 Conc#0"                       [id=13592, stack(0x00000044c0500000,0x00000044c0600000) (1024K)]
  0x0000020bd536b9c0 ConcurrentGCThread "G1 Refine#0"               [id=21216, stack(0x00000044c0600000,0x00000044c0700000) (1024K)]
  0x0000020bd536c440 ConcurrentGCThread "G1 Service"                [id=12820, stack(0x00000044c0700000,0x00000044c0800000) (1024K)]
Total: 7

Threads with active compile tasks:
C2 CompilerThread0      646  665       4       java.util.HashMap::putVal (300 bytes)
Total: 1

VM state: not at safepoint (normal execution)

VM Mutex/Monitor currently owned by a thread: None

Heap address: 0x00000000c9c00000, size: 868 MB, Compressed Oops mode: 32-bit

CDS archive(s) mapped at: [0x0000020b80000000-0x0000020b80c90000-0x0000020b80c90000), size 13172736, SharedBaseAddress: 0x0000020b80000000, ArchiveRelocationMode: 1.
Compressed class space mapped at: 0x0000020b81000000-0x0000020bc1000000, reserved size: 1073741824
Narrow klass base: 0x0000020b80000000, Narrow klass shift: 0, Narrow klass range: 0x100000000

GC Precious Log:
 CardTable entry size: 512
 Card Set container configuration: InlinePtr #cards 5 size 8 Array Of Cards #cards 12 size 40 Howl #buckets 4 coarsen threshold 1843 Howl Bitmap #cards 512 size 80 coarsen threshold 460 Card regions per heap region 1 cards per card region 2048
 CPUs: 4 total, 4 available
 Memory: 3470M
 Large Page Support: Disabled
 NUMA Support: Disabled
 Compressed Oops: Enabled (32-bit)
 Heap Region Size: 1M
 Heap Min Capacity: 8M
 Heap Initial Capacity: 56M
 Heap Max Capacity: 868M
 Pre-touch: Disabled
 Parallel Workers: 4
 Concurrent Workers: 1
 Concurrent Refinement Workers: 4
 Periodic GC: Disabled

Heap:
 garbage-first heap   total 57344K, used 6144K [0x00000000c9c00000, 0x0000000100000000)
  region size 1024K, 7 young (7168K), 0 survivors (0K)
 Metaspace       used 5686K, committed 5888K, reserved 1114112K
  class space    used 656K, committed 768K, reserved 1048576K

Heap Regions: E=young(eden), S=young(survivor), O=old, HS=humongous(starts), HC=humongous(continues), CS=collection set, F=free, TAMS=top-at-mark-start, PB=parsable bottom
|   0|0x00000000c9c00000, 0x00000000c9c00000, 0x00000000c9d00000|  0%| F|  |TAMS 0x00000000c9c00000| PB 0x00000000c9c00000| Untracked 
|   1|0x00000000c9d00000, 0x00000000c9d00000, 0x00000000c9e00000|  0%| F|  |TAMS 0x00000000c9d00000| PB 0x00000000c9d00000| Untracked 
|   2|0x00000000c9e00000, 0x00000000c9e00000, 0x00000000c9f00000|  0%| F|  |TAMS 0x00000000c9e00000| PB 0x00000000c9e00000| Untracked 
|   3|0x00000000c9f00000, 0x00000000c9f00000, 0x00000000ca000000|  0%| F|  |TAMS 0x00000000c9f00000| PB 0x00000000c9f00000| Untracked 
|   4|0x00000000ca000000, 0x00000000ca000000, 0x00000000ca100000|  0%| F|  |TAMS 0x00000000ca000000| PB 0x00000000ca000000| Untracked 
|   5|0x00000000ca100000, 0x00000000ca100000, 0x00000000ca200000|  0%| F|  |TAMS 0x00000000ca100000| PB 0x00000000ca100000| Untracked 
|   6|0x00000000ca200000, 0x00000000ca200000, 0x00000000ca300000|  0%| F|  |TAMS 0x00000000ca200000| PB 0x00000000ca200000| Untracked 
|   7|0x00000000ca300000, 0x00000000ca300000, 0x00000000ca400000|  0%| F|  |TAMS 0x00000000ca300000| PB 0x00000000ca300000| Untracked 
|   8|0x00000000ca400000, 0x00000000ca400000, 0x00000000ca500000|  0%| F|  |TAMS 0x00000000ca400000| PB 0x00000000ca400000| Untracked 
|   9|0x00000000ca500000, 0x00000000ca500000, 0x00000000ca600000|  0%| F|  |TAMS 0x00000000ca500000| PB 0x00000000ca500000| Untracked 
|  10|0x00000000ca600000, 0x00000000ca600000, 0x00000000ca700000|  0%| F|  |TAMS 0x00000000ca600000| PB 0x00000000ca600000| Untracked 
|  11|0x00000000ca700000, 0x00000000ca700000, 0x00000000ca800000|  0%| F|  |TAMS 0x00000000ca700000| PB 0x00000000ca700000| Untracked 
|  12|0x00000000ca800000, 0x00000000ca800000, 0x00000000ca900000|  0%| F|  |TAMS 0x00000000ca800000| PB 0x00000000ca800000| Untracked 
|  13|0x00000000ca900000, 0x00000000ca900000, 0x00000000caa00000|  0%| F|  |TAMS 0x00000000ca900000| PB 0x00000000ca900000| Untracked 
|  14|0x00000000caa00000, 0x00000000caa00000, 0x00000000cab00000|  0%| F|  |TAMS 0x00000000caa00000| PB 0x00000000caa00000| Untracked 
|  15|0x00000000cab00000, 0x00000000cab00000, 0x00000000cac00000|  0%| F|  |TAMS 0x00000000cab00000| PB 0x00000000cab00000| Untracked 
|  16|0x00000000cac00000, 0x00000000cac00000, 0x00000000cad00000|  0%| F|  |TAMS 0x00000000cac00000| PB 0x00000000cac00000| Untracked 
|  17|0x00000000cad00000, 0x00000000cad00000, 0x00000000cae00000|  0%| F|  |TAMS 0x00000000cad00000| PB 0x00000000cad00000| Untracked 
|  18|0x00000000cae00000, 0x00000000cae00000, 0x00000000caf00000|  0%| F|  |TAMS 0x00000000cae00000| PB 0x00000000cae00000| Untracked 
|  19|0x00000000caf00000, 0x00000000caf00000, 0x00000000cb000000|  0%| F|  |TAMS 0x00000000caf00000| PB 0x00000000caf00000| Untracked 
|  20|0x00000000cb000000, 0x00000000cb000000, 0x00000000cb100000|  0%| F|  |TAMS 0x00000000cb000000| PB 0x00000000cb000000| Untracked 
|  21|0x00000000cb100000, 0x00000000cb100000, 0x00000000cb200000|  0%| F|  |TAMS 0x00000000cb100000| PB 0x00000000cb100000| Untracked 
|  22|0x00000000cb200000, 0x00000000cb200000, 0x00000000cb300000|  0%| F|  |TAMS 0x00000000cb200000| PB 0x00000000cb200000| Untracked 
|  23|0x00000000cb300000, 0x00000000cb300000, 0x00000000cb400000|  0%| F|  |TAMS 0x00000000cb300000| PB 0x00000000cb300000| Untracked 
|  24|0x00000000cb400000, 0x00000000cb400000, 0x00000000cb500000|  0%| F|  |TAMS 0x00000000cb400000| PB 0x00000000cb400000| Untracked 
|  25|0x00000000cb500000, 0x00000000cb500000, 0x00000000cb600000|  0%| F|  |TAMS 0x00000000cb500000| PB 0x00000000cb500000| Untracked 
|  26|0x00000000cb600000, 0x00000000cb600000, 0x00000000cb700000|  0%| F|  |TAMS 0x00000000cb600000| PB 0x00000000cb600000| Untracked 
|  27|0x00000000cb700000, 0x00000000cb700000, 0x00000000cb800000|  0%| F|  |TAMS 0x00000000cb700000| PB 0x00000000cb700000| Untracked 
|  28|0x00000000cb800000, 0x00000000cb800000, 0x00000000cb900000|  0%| F|  |TAMS 0x00000000cb800000| PB 0x00000000cb800000| Untracked 
|  29|0x00000000cb900000, 0x00000000cb900000, 0x00000000cba00000|  0%| F|  |TAMS 0x00000000cb900000| PB 0x00000000cb900000| Untracked 
|  30|0x00000000cba00000, 0x00000000cba00000, 0x00000000cbb00000|  0%| F|  |TAMS 0x00000000cba00000| PB 0x00000000cba00000| Untracked 
|  31|0x00000000cbb00000, 0x00000000cbb00000, 0x00000000cbc00000|  0%| F|  |TAMS 0x00000000cbb00000| PB 0x00000000cbb00000| Untracked 
|  32|0x00000000cbc00000, 0x00000000cbc00000, 0x00000000cbd00000|  0%| F|  |TAMS 0x00000000cbc00000| PB 0x00000000cbc00000| Untracked 
|  33|0x00000000cbd00000, 0x00000000cbd00000, 0x00000000cbe00000|  0%| F|  |TAMS 0x00000000cbd00000| PB 0x00000000cbd00000| Untracked 
|  34|0x00000000cbe00000, 0x00000000cbe00000, 0x00000000cbf00000|  0%| F|  |TAMS 0x00000000cbe00000| PB 0x00000000cbe00000| Untracked 
|  35|0x00000000cbf00000, 0x00000000cbf00000, 0x00000000cc000000|  0%| F|  |TAMS 0x00000000cbf00000| PB 0x00000000cbf00000| Untracked 
|  36|0x00000000cc000000, 0x00000000cc000000, 0x00000000cc100000|  0%| F|  |TAMS 0x00000000cc000000| PB 0x00000000cc000000| Untracked 
|  37|0x00000000cc100000, 0x00000000cc100000, 0x00000000cc200000|  0%| F|  |TAMS 0x00000000cc100000| PB 0x00000000cc100000| Untracked 
|  38|0x00000000cc200000, 0x00000000cc200000, 0x00000000cc300000|  0%| F|  |TAMS 0x00000000cc200000| PB 0x00000000cc200000| Untracked 
|  39|0x00000000cc300000, 0x00000000cc300000, 0x00000000cc400000|  0%| F|  |TAMS 0x00000000cc300000| PB 0x00000000cc300000| Untracked 
|  40|0x00000000cc400000, 0x00000000cc400000, 0x00000000cc500000|  0%| F|  |TAMS 0x00000000cc400000| PB 0x00000000cc400000| Untracked 
|  41|0x00000000cc500000, 0x00000000cc500000, 0x00000000cc600000|  0%| F|  |TAMS 0x00000000cc500000| PB 0x00000000cc500000| Untracked 
|  42|0x00000000cc600000, 0x00000000cc600000, 0x00000000cc700000|  0%| F|  |TAMS 0x00000000cc600000| PB 0x00000000cc600000| Untracked 
|  43|0x00000000cc700000, 0x00000000cc700000, 0x00000000cc800000|  0%| F|  |TAMS 0x00000000cc700000| PB 0x00000000cc700000| Untracked 
|  44|0x00000000cc800000, 0x00000000cc800000, 0x00000000cc900000|  0%| F|  |TAMS 0x00000000cc800000| PB 0x00000000cc800000| Untracked 
|  45|0x00000000cc900000, 0x00000000cc900000, 0x00000000cca00000|  0%| F|  |TAMS 0x00000000cc900000| PB 0x00000000cc900000| Untracked 
|  46|0x00000000cca00000, 0x00000000cca00000, 0x00000000ccb00000|  0%| F|  |TAMS 0x00000000cca00000| PB 0x00000000cca00000| Untracked 
|  47|0x00000000ccb00000, 0x00000000ccb00000, 0x00000000ccc00000|  0%| F|  |TAMS 0x00000000ccb00000| PB 0x00000000ccb00000| Untracked 
|  48|0x00000000ccc00000, 0x00000000ccc00000, 0x00000000ccd00000|  0%| F|  |TAMS 0x00000000ccc00000| PB 0x00000000ccc00000| Untracked 
|  49|0x00000000ccd00000, 0x00000000cce00000, 0x00000000cce00000|100%| E|  |TAMS 0x00000000ccd00000| PB 0x00000000ccd00000| Complete 
|  50|0x00000000cce00000, 0x00000000ccf00000, 0x00000000ccf00000|100%| E|CS|TAMS 0x00000000cce00000| PB 0x00000000cce00000| Complete 
|  51|0x00000000ccf00000, 0x00000000cd000000, 0x00000000cd000000|100%| E|CS|TAMS 0x00000000ccf00000| PB 0x00000000ccf00000| Complete 
|  52|0x00000000cd000000, 0x00000000cd100000, 0x00000000cd100000|100%| E|CS|TAMS 0x00000000cd000000| PB 0x00000000cd000000| Complete 
|  53|0x00000000cd100000, 0x00000000cd200000, 0x00000000cd200000|100%| E|CS|TAMS 0x00000000cd100000| PB 0x00000000cd100000| Complete 
|  54|0x00000000cd200000, 0x00000000cd300000, 0x00000000cd300000|100%| E|CS|TAMS 0x00000000cd200000| PB 0x00000000cd200000| Complete 
|  55|0x00000000cd300000, 0x00000000cd400000, 0x00000000cd400000|100%| E|CS|TAMS 0x00000000cd300000| PB 0x00000000cd300000| Complete 

Card table byte_map: [0x0000020bec740000,0x0000020bec900000] _byte_map_base: 0x0000020bec0f2000

Marking Bits: (CMBitMap*) 0x0000020bd53116a0
 Bits: [0x0000020bec900000, 0x0000020bed690000)

Polling page: 0x0000020bd3230000

Metaspace:

Usage:
  Non-class:      4.95 MB used.
      Class:    671.32 KB used.
       Both:      5.60 MB used.

Virtual space:
  Non-class space:       64.00 MB reserved,       5.06 MB (  8%) committed,  1 nodes.
      Class space:        1.00 GB reserved,     768.00 KB ( <1%) committed,  1 nodes.
             Both:        1.06 GB reserved,       5.81 MB ( <1%) committed. 

Chunk freelists:
   Non-Class:  10.83 MB
       Class:  15.23 MB
        Both:  26.05 MB

MaxMetaspaceSize: unlimited
CompressedClassSpaceSize: 1.00 GB
Initial GC threshold: 21.00 MB
Current GC threshold: 21.00 MB
CDS: on
 - commit_granule_bytes: 65536.
 - commit_granule_words: 8192.
 - virtual_space_node_default_size: 8388608.
 - enlarge_chunks_in_place: 1.
 - use_allocation_guard: 0.


Internal statistics:

num_allocs_failed_limit: 0.
num_arena_births: 120.
num_arena_deaths: 0.
num_vsnodes_births: 2.
num_vsnodes_deaths: 0.
num_space_committed: 93.
num_space_uncommitted: 0.
num_chunks_returned_to_freelist: 0.
num_chunks_taken_from_freelist: 151.
num_chunk_merges: 0.
num_chunk_splits: 95.
num_chunks_enlarged: 42.
num_inconsistent_stats: 0.

CodeHeap 'non-profiled nmethods': size=120000Kb used=210Kb max_used=210Kb free=119789Kb
 bounds [0x0000020be5210000, 0x0000020be5480000, 0x0000020bec740000]
CodeHeap 'profiled nmethods': size=120000Kb used=1028Kb max_used=1028Kb free=118971Kb
 bounds [0x0000020bdd740000, 0x0000020bdd9b0000, 0x0000020be4c70000]
CodeHeap 'non-nmethods': size=5760Kb used=1429Kb max_used=1429Kb free=4330Kb
 bounds [0x0000020be4c70000, 0x0000020be4ee0000, 0x0000020be5210000]
 total_blobs=1218 nmethods=697 adapters=426
 compilation: enabled
              stopped_count=0, restarted_count=0
 full_count=0

Compilation events (20 events):
Event: 0.586 Thread 0x0000020befc1ecb0  666       3       sun.util.ResourceBundleEnumeration::hasMoreElements (117 bytes)
Event: 0.587 Thread 0x0000020befc1ecb0 nmethod 666 0x0000020bdd832310 code [0x0000020bdd832560, 0x0000020bdd833030]
Event: 0.588 Thread 0x0000020befc1ecb0  668       3       jdk.internal.org.objectweb.asm.MethodWriter::visitInsn (115 bytes)
Event: 0.589 Thread 0x0000020befc1ecb0 nmethod 668 0x0000020bdd833290 code [0x0000020bdd833480, 0x0000020bdd8338b8]
Event: 0.589 Thread 0x0000020befc1ecb0  669       3       java.lang.invoke.ClassSpecializer$SpeciesData::fieldCount (10 bytes)
Event: 0.589 Thread 0x0000020befc1ecb0 nmethod 669 0x0000020bdd833a10 code [0x0000020bdd833bc0, 0x0000020bdd833d98]
Event: 0.590 Thread 0x0000020befc1ecb0  670       3       java.util.Arrays::equals (43 bytes)
Event: 0.590 Thread 0x0000020befc1ecb0 nmethod 670 0x0000020bdd833e90 code [0x0000020bdd834060, 0x0000020bdd834358]
Event: 0.593 Thread 0x0000020befc1ecb0  671       3       java.lang.invoke.DirectMethodHandle::make (275 bytes)
Event: 0.594 Thread 0x0000020befc1ecb0 nmethod 671 0x0000020bdd834490 code [0x0000020bdd834840, 0x0000020bdd835c10]
Event: 0.595 Thread 0x0000020befc1ecb0  672       3       java.lang.invoke.MemberName::isField (8 bytes)
Event: 0.595 Thread 0x0000020befc1ecb0 nmethod 672 0x0000020bdd836390 code [0x0000020bdd836540, 0x0000020bdd836718]
Event: 0.595 Thread 0x0000020befc1ecb0  673       3       java.lang.reflect.Array::newInstance (6 bytes)
Event: 0.595 Thread 0x0000020befc1ecb0 nmethod 673 0x0000020bdd836810 code [0x0000020bdd8369c0, 0x0000020bdd836ad8]
Event: 0.595 Thread 0x0000020befc1ecb0  674       3       java.lang.StringConcatHelper::mix (27 bytes)
Event: 0.595 Thread 0x0000020befc1ecb0 nmethod 674 0x0000020bdd836b90 code [0x0000020bdd836d60, 0x0000020bdd837160]
Event: 0.598 Thread 0x0000020befc1ecb0  675       1       java.lang.reflect.Field::getName (5 bytes)
Event: 0.598 Thread 0x0000020befc1ecb0 nmethod 675 0x0000020be5242b10 code [0x0000020be5242ca0, 0x0000020be5242d68]
Event: 0.599 Thread 0x0000020befc1ecb0  676       3       jdk.internal.loader.NativeLibraries$NativeLibraryImpl::find (9 bytes)
Event: 0.599 Thread 0x0000020befc1ecb0 nmethod 676 0x0000020bdd837310 code [0x0000020bdd8374c0, 0x0000020bdd837600]

GC Heap History (0 events):
No events

Dll operation events (7 events):
Event: 0.016 Loaded shared library C:\Program Files\Java\jdk-21\bin\java.dll
Event: 0.087 Loaded shared library C:\Program Files\Java\jdk-21\bin\jsvml.dll
Event: 0.155 Loaded shared library C:\Program Files\Java\jdk-21\bin\net.dll
Event: 0.157 Loaded shared library C:\Program Files\Java\jdk-21\bin\nio.dll
Event: 0.167 Loaded shared library C:\Program Files\Java\jdk-21\bin\zip.dll
Event: 0.288 Loaded shared library C:\Program Files\Java\jdk-21\bin\jimage.dll
Event: 0.312 Loaded shared library C:\Program Files\Java\jdk-21\bin\awt.dll

Deoptimization events (20 events):
Event: 0.585 Thread 0x0000020bd3028fc0 Uncommon trap: trap_request=0xffffffc6 fr.pc=0x0000020be522b3a4 relative=0x0000000000000ba4
Event: 0.585 Thread 0x0000020bd3028fc0 Uncommon trap: reason=bimorphic_or_optimized_type_check action=maybe_recompile pc=0x0000020be522b3a4 method=java.util.HashMap.putVal(ILjava/lang/Object;Ljava/lang/Object;ZZ)Ljava/lang/Object; @ 56 c2
Event: 0.585 Thread 0x0000020bd3028fc0 DEOPT PACKING pc=0x0000020be522b3a4 sp=0x00000044c02fe920
Event: 0.585 Thread 0x0000020bd3028fc0 DEOPT UNPACKING pc=0x0000020be4cc46a2 sp=0x00000044c02fe8a8 mode 2
Event: 0.585 Thread 0x0000020bd3028fc0 Uncommon trap: trap_request=0xffffffc6 fr.pc=0x0000020be522b3a4 relative=0x0000000000000ba4
Event: 0.585 Thread 0x0000020bd3028fc0 Uncommon trap: reason=bimorphic_or_optimized_type_check action=maybe_recompile pc=0x0000020be522b3a4 method=java.util.HashMap.putVal(ILjava/lang/Object;Ljava/lang/Object;ZZ)Ljava/lang/Object; @ 56 c2
Event: 0.585 Thread 0x0000020bd3028fc0 DEOPT PACKING pc=0x0000020be522b3a4 sp=0x00000044c02fe920
Event: 0.585 Thread 0x0000020bd3028fc0 DEOPT UNPACKING pc=0x0000020be4cc46a2 sp=0x00000044c02fe8a8 mode 2
Event: 0.585 Thread 0x0000020bd3028fc0 Uncommon trap: trap_request=0xffffffc6 fr.pc=0x0000020be522b3a4 relative=0x0000000000000ba4
Event: 0.585 Thread 0x0000020bd3028fc0 Uncommon trap: reason=bimorphic_or_optimized_type_check action=maybe_recompile pc=0x0000020be522b3a4 method=java.util.HashMap.putVal(ILjava/lang/Object;Ljava/lang/Object;ZZ)Ljava/lang/Object; @ 56 c2
Event: 0.585 Thread 0x0000020bd3028fc0 DEOPT PACKING pc=0x0000020be522b3a4 sp=0x00000044c02fe920
Event: 0.585 Thread 0x0000020bd3028fc0 DEOPT UNPACKING pc=0x0000020be4cc46a2 sp=0x00000044c02fe8a8 mode 2
Event: 0.593 Thread 0x0000020bd3028fc0 Uncommon trap: trap_request=0xffffff45 fr.pc=0x0000020be523e094 relative=0x00000000000000f4
Event: 0.593 Thread 0x0000020bd3028fc0 Uncommon trap: reason=unstable_if action=reinterpret pc=0x0000020be523e094 method=java.util.HashMap.hash(Ljava/lang/Object;)I @ 1 c2
Event: 0.593 Thread 0x0000020bd3028fc0 DEOPT PACKING pc=0x0000020be523e094 sp=0x00000044c02feab0
Event: 0.594 Thread 0x0000020bd3028fc0 DEOPT UNPACKING pc=0x0000020be4cc46a2 sp=0x00000044c02fe9f0 mode 2
Event: 0.594 Thread 0x0000020bd3028fc0 Uncommon trap: trap_request=0xffffff3d fr.pc=0x0000020be524151c relative=0x0000000000000b7c
Event: 0.594 Thread 0x0000020bd3028fc0 Uncommon trap: reason=unstable_fused_if action=reinterpret pc=0x0000020be524151c method=java.util.HashMap.resize()[Ljava/util/HashMap$Node; @ 31 c2
Event: 0.594 Thread 0x0000020bd3028fc0 DEOPT PACKING pc=0x0000020be524151c sp=0x00000044c02fe540
Event: 0.594 Thread 0x0000020bd3028fc0 DEOPT UNPACKING pc=0x0000020be4cc46a2 sp=0x00000044c02fe4d0 mode 2

Classes loaded (20 events):
Event: 0.593 Loading class javax/swing/plaf/RootPaneUI
Event: 0.593 Loading class javax/swing/plaf/RootPaneUI done
Event: 0.593 Loading class javax/swing/plaf/basic/BasicRootPaneUI done
Event: 0.593 Loading class javax/swing/plaf/metal/MetalRootPaneUI done
Event: 0.594 Loading class javax/swing/plaf/basic/BasicRootPaneUI$RootPaneInputMap
Event: 0.594 Loading class javax/swing/plaf/ComponentInputMapUIResource
Event: 0.594 Loading class javax/swing/ComponentInputMap
Event: 0.594 Loading class javax/swing/InputMap
Event: 0.594 Loading class javax/swing/InputMap done
Event: 0.594 Loading class javax/swing/ComponentInputMap done
Event: 0.594 Loading class javax/swing/plaf/ComponentInputMapUIResource done
Event: 0.594 Loading class javax/swing/plaf/basic/BasicRootPaneUI$RootPaneInputMap done
Event: 0.594 Loading class javax/swing/plaf/InputMapUIResource
Event: 0.594 Loading class javax/swing/plaf/InputMapUIResource done
Event: 0.594 Loading class java/util/StringTokenizer
Event: 0.594 Loading class java/util/StringTokenizer done
Event: 0.595 Loading class java/awt/VKCollection
Event: 0.595 Loading class java/awt/VKCollection done
Event: 0.595 Loading class java/awt/event/KeyEvent
Event: 0.596 Loading class java/awt/event/KeyEvent done

Classes unloaded (0 events):
No events

Classes redefined (0 events):
No events

Internal exceptions (16 events):
Event: 0.159 Thread 0x0000020bd3028fc0 Exception <a 'sun/nio/fs/WindowsException'{0x00000000cd277bc0}> (0x00000000cd277bc0) 
thrown [s\open\src\hotspot\share\prims\jni.cpp, line 520]
Event: 0.161 Thread 0x0000020bd3028fc0 Exception <a 'sun/nio/fs/WindowsException'{0x00000000cd27a2c0}> (0x00000000cd27a2c0) 
thrown [s\open\src\hotspot\share\prims\jni.cpp, line 520]
Event: 0.162 Thread 0x0000020bd3028fc0 Exception <a 'sun/nio/fs/WindowsException'{0x00000000cd27ae58}> (0x00000000cd27ae58) 
thrown [s\open\src\hotspot\share\prims\jni.cpp, line 520]
Event: 0.230 Thread 0x0000020bd3028fc0 Exception <a 'java/lang/NoSuchMethodError'{0x00000000cd1da0d0}: 'void java.lang.invoke.DirectMethodHandle$Holder.invokeSpecial(java.lang.Object, java.lang.Object, java.lang.Object)'> (0x00000000cd1da0d0) 
thrown [s\open\src\hotspot\share\interpreter\linkResolver.cpp, line 773]
Event: 0.237 Thread 0x0000020bd3028fc0 Exception <a 'java/lang/NoSuchMethodError'{0x00000000cd1e9628}: 'void java.lang.invoke.DirectMethodHandle$Holder.invokeSpecial(java.lang.Object, java.lang.Object, java.lang.Object, java.lang.Object, java.lang.Object)'> (0x00000000cd1e9628) 
thrown [s\open\src\hotspot\share\interpreter\linkResolver.cpp, line 773]
Event: 0.241 Thread 0x0000020bd3028fc0 Exception <a 'java/lang/NoSuchMethodError'{0x00000000cd1fa838}: 'java.lang.Object java.lang.invoke.DirectMethodHandle$Holder.invokeInterface(java.lang.Object, java.lang.Object)'> (0x00000000cd1fa838) 
thrown [s\open\src\hotspot\share\interpreter\linkResolver.cpp, line 773]
Event: 0.241 Thread 0x0000020bd3028fc0 Exception <a 'java/lang/IncompatibleClassChangeError'{0x00000000cd1fdaa0}: Found class java.lang.Object, but interface was expected> (0x00000000cd1fdaa0) 
thrown [s\open\src\hotspot\share\interpreter\linkResolver.cpp, line 840]
Event: 0.242 Thread 0x0000020bd3028fc0 Exception <a 'java/lang/NoSuchMethodError'{0x00000000cd000898}: 'void java.lang.invoke.DirectMethodHandle$Holder.invokeStatic(java.lang.Object, java.lang.Object, java.lang.Object, java.lang.Object)'> (0x00000000cd000898) 
thrown [s\open\src\hotspot\share\interpreter\linkResolver.cpp, line 773]
Event: 0.297 Thread 0x0000020bd3028fc0 Exception <a 'java/lang/ClassNotFoundException'{0x00000000cd0fb608}: sun/awt/resources/spi/awtProvider> (0x00000000cd0fb608) 
thrown [s\open\src\hotspot\share\classfile\systemDictionary.cpp, line 312]
Event: 0.328 Thread 0x0000020bd3028fc0 Exception <a 'java/io/FileNotFoundException'{0x00000000ccf4f1f8}> (0x00000000ccf4f1f8) 
thrown [s\open\src\hotspot\share\prims\jni.cpp, line 520]
Event: 0.338 Thread 0x0000020bd3028fc0 Exception <a 'java/io/FileNotFoundException'{0x00000000ccf794a8}> (0x00000000ccf794a8) 
thrown [s\open\src\hotspot\share\prims\jni.cpp, line 520]
Event: 0.551 Thread 0x0000020bd3028fc0 Exception <a 'java/lang/NoSuchMethodError'{0x00000000cceb2988}: 'java.lang.Object java.lang.invoke.DirectMethodHandle$Holder.newInvokeSpecial(java.lang.Object, java.lang.Object, java.lang.Object, java.lang.Object, java.lang.Object)'> (0x00000000cceb2988) 
thrown [s\open\src\hotspot\share\interpreter\linkResolver.cpp, line 773]
Event: 0.558 Thread 0x0000020bd3028fc0 Exception <a 'java/lang/NoSuchMethodError'{0x00000000ccede780}: 'java.lang.Object java.lang.invoke.DirectMethodHandle$Holder.invokeStatic(java.lang.Object, int, java.lang.Object)'> (0x00000000ccede780) 
thrown [s\open\src\hotspot\share\interpreter\linkResolver.cpp, line 773]
Event: 0.583 Thread 0x0000020bd3028fc0 Exception <a 'java/lang/ClassNotFoundException'{0x00000000ccd7dc60}: com/sun/swing/internal/plaf/metal/resources/spi/metalProvider> (0x00000000ccd7dc60) 
thrown [s\open\src\hotspot\share\classfile\systemDictionary.cpp, line 312]
Event: 0.585 Thread 0x0000020bd3028fc0 Exception <a 'java/lang/ClassNotFoundException'{0x00000000ccd81bc0}: com/sun/swing/internal/plaf/basic/resources/spi/basicProvider> (0x00000000ccd81bc0) 
thrown [s\open\src\hotspot\share\classfile\systemDictionary.cpp, line 312]
Event: 0.593 Thread 0x0000020bd3028fc0 Implicit null exception at 0x0000020be523dfe6 to 0x0000020be523e08a

ZGC Phase Switch (0 events):
No events

VM Operations (6 events):
Event: 0.168 Executing VM operation: HandshakeAllThreads (Deoptimize)
Event: 0.168 Executing VM operation: HandshakeAllThreads (Deoptimize) done
Event: 0.238 Executing VM operation: HandshakeAllThreads (Deoptimize)
Event: 0.239 Executing VM operation: HandshakeAllThreads (Deoptimize) done
Event: 0.347 Executing VM operation: HandshakeAllThreads (Deoptimize)
Event: 0.347 Executing VM operation: HandshakeAllThreads (Deoptimize) done

Events (14 events):
Event: 0.051 Thread 0x0000020bd3028fc0 Thread added: 0x0000020bd3028fc0
Event: 0.082 Thread 0x0000020bd53ad600 Thread added: 0x0000020bd53ad600
Event: 0.082 Thread 0x0000020bd53ae410 Thread added: 0x0000020bd53ae410
Event: 0.084 Thread 0x0000020befbf3340 Thread added: 0x0000020befbf3340
Event: 0.084 Thread 0x0000020befbf9140 Thread added: 0x0000020befbf9140
Event: 0.084 Thread 0x0000020befbf5db0 Thread added: 0x0000020befbf5db0
Event: 0.085 Thread 0x0000020befbf6420 Thread added: 0x0000020befbf6420
Event: 0.085 Thread 0x0000020befbf71b0 Thread added: 0x0000020befbf71b0
Event: 0.086 Thread 0x0000020befc1ecb0 Thread added: 0x0000020befc1ecb0
Event: 0.136 Thread 0x0000020bf4011070 Thread added: 0x0000020bf4011070
Event: 0.262 Thread 0x0000020bf41a3d40 Thread added: 0x0000020bf41a3d40
Event: 0.393 Thread 0x0000020bf4206cc0 Thread added: 0x0000020bf4206cc0
Event: 0.394 Thread 0x0000020bf420ae00 Thread added: 0x0000020bf420ae00
Event: 0.395 Thread 0x0000020bf420df30 Thread added: 0x0000020bf420df30


Dynamic libraries:
0x00007ff718650000 - 0x00007ff718660000 	C:\Program Files\Java\jdk-21\bin\java.exe
0x00007ffe6f3d0000 - 0x00007ffe6f5e7000 	C:\WINDOWS\SYSTEM32\ntdll.dll
0x00007ffe6dd60000 - 0x00007ffe6de24000 	C:\WINDOWS\System32\KERNEL32.DLL
0x00007ffe6c740000 - 0x00007ffe6cae6000 	C:\WINDOWS\System32\KERNELBASE.dll
0x00007ffe6cd70000 - 0x00007ffe6ce81000 	C:\WINDOWS\System32\ucrtbase.dll
0x00007ffe619d0000 - 0x00007ffe619eb000 	C:\Program Files\Java\jdk-21\bin\VCRUNTIME140.dll
0x00007ffe63530000 - 0x00007ffe63549000 	C:\Program Files\Java\jdk-21\bin\jli.dll
0x00007ffe6e130000 - 0x00007ffe6e1e1000 	C:\WINDOWS\System32\ADVAPI32.dll
0x00007ffe6e610000 - 0x00007ffe6e6b7000 	C:\WINDOWS\System32\msvcrt.dll
0x00007ffe6d120000 - 0x00007ffe6d1c5000 	C:\WINDOWS\System32\sechost.dll
0x00007ffe6f270000 - 0x00007ffe6f387000 	C:\WINDOWS\System32\RPCRT4.dll
0x00007ffe6d6e0000 - 0x00007ffe6d88e000 	C:\WINDOWS\System32\USER32.dll
0x00007ffe6cd40000 - 0x00007ffe6cd66000 	C:\WINDOWS\System32\win32u.dll
0x00007ffe63050000 - 0x00007ffe632e3000 	C:\WINDOWS\WinSxS\amd64_microsoft.windows.common-controls_6595b64144ccf1df_6.0.22621.2506_none_270c5ae97388e100\COMCTL32.dll
0x00007ffe6e250000 - 0x00007ffe6e279000 	C:\WINDOWS\System32\GDI32.dll
0x00007ffe6d000000 - 0x00007ffe6d118000 	C:\WINDOWS\System32\gdi32full.dll
0x00007ffe6cc30000 - 0x00007ffe6ccca000 	C:\WINDOWS\System32\msvcp_win.dll
0x00007ffe62a90000 - 0x00007ffe62a9a000 	C:\WINDOWS\SYSTEM32\VERSION.dll
0x00007ffe6d890000 - 0x00007ffe6d8c1000 	C:\WINDOWS\System32\IMM32.DLL
0x00007ffe662d0000 - 0x00007ffe662dc000 	C:\Program Files\Java\jdk-21\bin\vcruntime140_1.dll
0x00007ffe505e0000 - 0x00007ffe5066e000 	C:\Program Files\Java\jdk-21\bin\msvcp140.dll
0x00007ffe305d0000 - 0x00007ffe312e5000 	C:\Program Files\Java\jdk-21\bin\server\jvm.dll
0x00007ffe6f1f0000 - 0x00007ffe6f261000 	C:\WINDOWS\System32\WS2_32.dll
0x00007ffe6c610000 - 0x00007ffe6c65d000 	C:\WINDOWS\SYSTEM32\POWRPROF.dll
0x00007ffe661b0000 - 0x00007ffe661e4000 	C:\WINDOWS\SYSTEM32\WINMM.dll
0x00007ffe6c5f0000 - 0x00007ffe6c603000 	C:\WINDOWS\SYSTEM32\UMPDC.dll
0x00007ffe6b740000 - 0x00007ffe6b758000 	C:\WINDOWS\SYSTEM32\kernel.appcore.dll
0x00007ffe651e0000 - 0x00007ffe651ea000 	C:\Program Files\Java\jdk-21\bin\jimage.dll
0x00007ffe646a0000 - 0x00007ffe648d3000 	C:\WINDOWS\SYSTEM32\DBGHELP.DLL
0x00007ffe6d1d0000 - 0x00007ffe6d559000 	C:\WINDOWS\System32\combase.dll
0x00007ffe6e6c0000 - 0x00007ffe6e797000 	C:\WINDOWS\System32\OLEAUT32.dll
0x00007ffe63b60000 - 0x00007ffe63b92000 	C:\WINDOWS\SYSTEM32\dbgcore.DLL
0x00007ffe6cbb0000 - 0x00007ffe6cc2a000 	C:\WINDOWS\System32\bcryptPrimitives.dll
0x00007ffe61910000 - 0x00007ffe6192f000 	C:\Program Files\Java\jdk-21\bin\java.dll
0x00007ffe6e800000 - 0x00007ffe6f05a000 	C:\WINDOWS\System32\SHELL32.dll
0x00007ffe6a660000 - 0x00007ffe6af56000 	C:\WINDOWS\SYSTEM32\windows.storage.dll
0x00007ffe6a520000 - 0x00007ffe6a65e000 	C:\WINDOWS\SYSTEM32\wintypes.dll
0x00007ffe6e460000 - 0x00007ffe6e553000 	C:\WINDOWS\System32\SHCORE.dll
0x00007ffe6d5f0000 - 0x00007ffe6d64e000 	C:\WINDOWS\System32\shlwapi.dll
0x00007ffe6c670000 - 0x00007ffe6c696000 	C:\WINDOWS\SYSTEM32\profapi.dll
0x00007ffe5baa0000 - 0x00007ffe5bb77000 	C:\Program Files\Java\jdk-21\bin\jsvml.dll
0x00007ffe63560000 - 0x00007ffe63570000 	C:\Program Files\Java\jdk-21\bin\net.dll
0x00007ffe65df0000 - 0x00007ffe65f27000 	C:\WINDOWS\SYSTEM32\WINHTTP.dll
0x00007ffe6bbc0000 - 0x00007ffe6bc29000 	C:\WINDOWS\system32\mswsock.dll
0x00007ffe60060000 - 0x00007ffe60076000 	C:\Program Files\Java\jdk-21\bin\nio.dll
0x00007ffe5ff20000 - 0x00007ffe5ff38000 	C:\Program Files\Java\jdk-21\bin\zip.dll
0x00007ffe411c0000 - 0x00007ffe4134f000 	C:\Program Files\Java\jdk-21\bin\awt.dll
0x00007ffe69b80000 - 0x00007ffe69c17000 	C:\WINDOWS\SYSTEM32\apphelp.dll
0x00007ffe6a0b0000 - 0x00007ffe6a0db000 	C:\WINDOWS\system32\DWMAPI.DLL
0x00007ffe69c80000 - 0x00007ffe69d2b000 	C:\WINDOWS\system32\uxtheme.dll
0x00007ffe50320000 - 0x00007ffe50420000 	C:\WINDOWS\system32\opengl32.dll
0x00007ffe5ba70000 - 0x00007ffe5ba9d000 	C:\WINDOWS\SYSTEM32\GLU32.dll
0x00007ffe69d80000 - 0x00007ffe69db6000 	C:\WINDOWS\SYSTEM32\dxcore.dll
0x00007ffe6de30000 - 0x00007ffe6df80000 	C:\WINDOWS\System32\MSCTF.dll
0x00007ffe6df80000 - 0x00007ffe6e120000 	C:\WINDOWS\System32\ole32.dll
0x00007ffe182b0000 - 0x00007ffe18459000 	C:\WINDOWS\system32\d3d9.dll
0x00007ffe5df80000 - 0x00007ffe5e13b000 	C:\WINDOWS\System32\DriverStore\FileRepository\u0395576.inf_amd64_2949f08acf1f9e9e\B394313\aticfx64.dll
0x00007ffe61e10000 - 0x00007ffe61e44000 	C:\WINDOWS\System32\DriverStore\FileRepository\u0395576.inf_amd64_2949f08acf1f9e9e\B394313\atiu9p64.dll
0x00007ffe2f870000 - 0x00007ffe305c5000 	C:\WINDOWS\System32\DriverStore\FileRepository\u0395576.inf_amd64_2949f08acf1f9e9e\B394313\atiumd64.dll
0x0000000067a40000 - 0x0000000068952000 	C:\WINDOWS\System32\DriverStore\FileRepository\u0395576.inf_amd64_2949f08acf1f9e9e\B394313\atiumd6a.dll
0x00007ffe6d8e0000 - 0x00007ffe6dd54000 	C:\WINDOWS\System32\SETUPAPI.dll
0x00007ffe5bf70000 - 0x00007ffe5bfa5000 	C:\WINDOWS\SYSTEM32\amdihk64.dll
0x00007ffe61640000 - 0x00007ffe6168a000 	C:\WINDOWS\SYSTEM32\directxdatabasehelper.dll
0x00007ffe63520000 - 0x00007ffe63530000 	C:\Program Files\Java\jdk-21\bin\verify.dll

dbghelp: loaded successfully - version: 4.0.5 - missing functions: none
symbol engine: initialized successfully - sym options: 0x614 - pdb path: .;C:\Program Files\Java\jdk-21\bin;C:\WINDOWS\SYSTEM32;C:\WINDOWS\WinSxS\amd64_microsoft.windows.common-controls_6595b64144ccf1df_6.0.22621.2506_none_270c5ae97388e100;C:\Program Files\Java\jdk-21\bin\server;C:\WINDOWS\System32\DriverStore\FileRepository\u0395576.inf_amd64_2949f08acf1f9e9e\B394313

VM Arguments:
jvm_args: -Dfile.encoding=UTF-8 --module-path=C:\Users\Administrator\Documents\NetBeansProjects\Employee Management System\build\classes 
java_command: employee.management.system.AddEmp
java_class_path (initial): C:\Users\Administrator\Documents\NetBeansProjects\Employee Management System\src\mysql-connector-java-8.0.28.jar;C:\Users\Administrator\Documents\NetBeansProjects\Employee Management System\src\jcalendar-tz-1.3.3-4.jar;C:\Users\Administrator\Documents\NetBeansProjects\Employee Management System\build\classes
Launcher Type: SUN_STANDARD

[Global flags]
     intx CICompilerCount                          = 3                                         {product} {ergonomic}
     uint ConcGCThreads                            = 1                                         {product} {ergonomic}
     uint G1ConcRefinementThreads                  = 4                                         {product} {ergonomic}
   size_t G1HeapRegionSize                         = 1048576                                   {product} {ergonomic}
    uintx GCDrainStackTargetSize                   = 64                                        {product} {ergonomic}
   size_t InitialHeapSize                          = 58720256                                  {product} {ergonomic}
   size_t MarkStackSize                            = 4194304                                   {product} {ergonomic}
   size_t MaxHeapSize                              = 910163968                                 {product} {ergonomic}
   size_t MaxNewSize                               = 545259520                                 {product} {ergonomic}
   size_t MinHeapDeltaBytes                        = 1048576                                   {product} {ergonomic}
   size_t MinHeapSize                              = 8388608                                   {product} {ergonomic}
    uintx NonNMethodCodeHeapSize                   = 5832780                                {pd product} {ergonomic}
    uintx NonProfiledCodeHeapSize                  = 122912730                              {pd product} {ergonomic}
    uintx ProfiledCodeHeapSize                     = 122912730                              {pd product} {ergonomic}
    uintx ReservedCodeCacheSize                    = 251658240                              {pd product} {ergonomic}
     bool SegmentedCodeCache                       = true                                      {product} {ergonomic}
   size_t SoftMaxHeapSize                          = 910163968                              {manageable} {ergonomic}
     bool UseCompressedOops                        = true                           {product lp64_product} {ergonomic}
     bool UseG1GC                                  = true                                      {product} {ergonomic}
     bool UseLargePagesIndividualAllocation        = false                                  {pd product} {ergonomic}

Logging:
Log output configuration:
 #0: stdout all=warning uptime,level,tags foldmultilines=false
 #1: stderr all=off uptime,level,tags foldmultilines=false

Environment Variables:
PATH=C:\Program Files\Common Files\Oracle\Java\javapath;C:\WINDOWS\system32;C:\WINDOWS;C:\WINDOWS\System32\Wbem;C:\WINDOWS\System32\WindowsPowerShell\v1.0\;C:\WINDOWS\System32\OpenSSH\;C:\Program Files\dotnet\;C:\MinGW\bin;C:\Program Files\Java\jdk-21\bin;C:\Program Files\MySQL\MySQL Shell 8.0\bin\;C:\Users\Administrator\AppData\Local\Programs\Python\Python312\Scripts\;C:\Users\Administrator\AppData\Local\Programs\Python\Python312\;C:\Users\Administrator\AppData\Local\Programs\Python\Launcher\;C:\Users\Administrator\AppData\Local\Microsoft\WindowsApps;C:\MinGW\bin;;C:\Users\Administrator\AppData\Local\Programs\Microsoft VS Code\bin
USERNAME=Administrator
OS=Windows_NT
PROCESSOR_IDENTIFIER=AMD64 Family 23 Model 24 Stepping 1, AuthenticAMD
TMP=C:\Users\ADMINI~1\AppData\Local\Temp
TEMP=C:\Users\ADMINI~1\AppData\Local\Temp




Periodic native trim disabled

---------------  S Y S T E M  ---------------

OS:
 Windows 11 , 64 bit Build 22621 (10.0.22621.2506)
OS uptime: 20 days 11:18 hours

CPU: total 4 (initial active 4) (4 cores per cpu, 2 threads per core) family 23 model 24 stepping 1 microcode 0x0, cx8, cmov, fxsr, ht, mmx, 3dnowpref, sse, sse2, sse3, ssse3, sse4a, sse4.1, sse4.2, popcnt, lzcnt, tsc, tscinvbit, avx, avx2, aes, clmul, bmi1, bmi2, adx, sha, fma, vzeroupper, clflush, clflushopt, rdtscp, f16c
Processor Information for all 4 processors :
  Max Mhz: 2600, Current Mhz: 2600, Mhz Limit: 2600

Memory: 4k page, system-wide physical 3470M (240M free)
TotalPageFile size 14222M (AvailPageFile size 1M)
current process WorkingSet (physical memory assigned to process): 63M, peak: 63M
current process commit charge ("private bytes"): 150M, peak: 150M

vm_info: Java HotSpot(TM) 64-Bit Server VM (21.0.1+12-LTS-29) for windows-amd64 JRE (21.0.1+12-LTS-29), built on 2023-10-05T13:27:09Z by "mach5one" with MS VC++ 17.1 (VS2022)

END.
