#
# There is insufficient memory for the Java Runtime Environment to continue.
# Native memory allocation (malloc) failed to allocate 303616 bytes for Chunk::new
# Possible reasons:
#   The system is out of physical RAM or swap space
#   The process is running with CompressedOops enabled, and the Java Heap may be blocking the growth of the native heap
# Possible solutions:
#   Reduce memory load on the system
#   Increase physical memory or swap space
#   Check if swap backing store is full
#   Decrease Java heap size (-Xmx/-Xms)
#   Decrease number of Java threads
#   Decrease Java thread stack sizes (-Xss)
#   Set larger code cache with -XX:ReservedCodeCacheSize=
#   JVM is running with Unscaled Compressed Oops mode in which the Java heap is
#     placed in the first 4GB address space. The Java Heap base address is the
#     maximum limit for the native heap growth. Please use -XX:HeapBaseMinAddress
#     to set the Java Heap base and to place the Java Heap above 4GB virtual address.
# This output file may be truncated or incomplete.
#
#  Out of Memory Error (arena.cpp:168), pid=21644, tid=20996
#
# JRE version: Java(TM) SE Runtime Environment (21.0.1+12) (build 21.0.1+12-LTS-29)
# Java VM: Java HotSpot(TM) 64-Bit Server VM (21.0.1+12-LTS-29, mixed mode, sharing, tiered, compressed oops, compressed class ptrs, g1 gc, windows-amd64)
# No core dump will be written. Minidumps are not enabled by default on client versions of Windows
#

---------------  S U M M A R Y ------------

Command Line: -Dfile.encoding=UTF-8 --module-path=C:\Users\Administrator\Documents\NetBeansProjects\Employee Management System\build\classes employee.management.system.AddEmp

Host: AMD Ryzen 3 3250U with Radeon Graphics         , 4 cores, 3G,  Windows 11 , 64 bit Build 22621 (10.0.22621.2506)
Time: Wed Jan  3 11:52:52 2024 India Standard Time elapsed time: 3.241961 seconds (0d 0h 0m 3s)

---------------  T H R E A D  ---------------

Current thread (0x0000021f3a5bb870):  JavaThread "C2 CompilerThread0" daemon [_thread_in_native, id=20996, stack(0x0000006f6d100000,0x0000006f6d200000) (1024K)]


Current CompileTask:
C2:   3242 1593   !   4       sun.font.TrueTypeFont::getTableBuffer (208 bytes)

Stack: [0x0000006f6d100000,0x0000006f6d200000]
Native frames: (J=compiled Java code, j=interpreted, Vv=VM code, C=native code)
V  [jvm.dll+0x6c9029]
V  [jvm.dll+0x854b81]
V  [jvm.dll+0x856e5e]
V  [jvm.dll+0x857543]
V  [jvm.dll+0x280c06]
V  [jvm.dll+0xc3ead]
V  [jvm.dll+0xc43c3]
V  [jvm.dll+0x2f3f3f]
V  [jvm.dll+0x5f40a6]
V  [jvm.dll+0x252bef]
V  [jvm.dll+0x24b431]
V  [jvm.dll+0x248fa3]
V  [jvm.dll+0x1c9ca1]
V  [jvm.dll+0x2586b9]
V  [jvm.dll+0x256c9a]
V  [jvm.dll+0x3ef1b6]
V  [jvm.dll+0x7fd728]
V  [jvm.dll+0x6c777d]
C  [ucrtbase.dll+0x29363]
C  [KERNEL32.DLL+0x1257d]
C  [ntdll.dll+0x5aa58]


---------------  P R O C E S S  ---------------

Threads class SMR info:
_java_thread_list=0x0000021f3a7dcf90, length=16, elements={
0x0000021f1fcbe440, 0x0000021f3a5af260, 0x0000021f3a5b0ba0, 0x0000021f3a5b7e10,
0x0000021f3a5b5620, 0x0000021f3a5b6ca0, 0x0000021f3a5bb870, 0x0000021f3a5be7a0,
0x0000021f1fc8f820, 0x0000021f3a9066e0, 0x0000021f3aa47ae0, 0x0000021f3aa54440,
0x0000021f3aa59fe0, 0x0000021f04c70580, 0x0000021f04e498e0, 0x0000021f1fbf2ef0
}

Java Threads: ( => current thread )
  0x0000021f1fcbe440 JavaThread "Reference Handler"          daemon [_thread_blocked, id=20520, stack(0x0000006f6cb00000,0x0000006f6cc00000) (1024K)]
  0x0000021f3a5af260 JavaThread "Finalizer"                  daemon [_thread_blocked, id=15664, stack(0x0000006f6cc00000,0x0000006f6cd00000) (1024K)]
  0x0000021f3a5b0ba0 JavaThread "Signal Dispatcher"          daemon [_thread_blocked, id=20176, stack(0x0000006f6cd00000,0x0000006f6ce00000) (1024K)]
  0x0000021f3a5b7e10 JavaThread "Attach Listener"            daemon [_thread_blocked, id=8712, stack(0x0000006f6ce00000,0x0000006f6cf00000) (1024K)]
  0x0000021f3a5b5620 JavaThread "Service Thread"             daemon [_thread_blocked, id=18228, stack(0x0000006f6cf00000,0x0000006f6d000000) (1024K)]
  0x0000021f3a5b6ca0 JavaThread "Monitor Deflation Thread"   daemon [_thread_blocked, id=18764, stack(0x0000006f6d000000,0x0000006f6d100000) (1024K)]
=>0x0000021f3a5bb870 JavaThread "C2 CompilerThread0"         daemon [_thread_in_native, id=20996, stack(0x0000006f6d100000,0x0000006f6d200000) (1024K)]
  0x0000021f3a5be7a0 JavaThread "C1 CompilerThread0"         daemon [_thread_blocked, id=6912, stack(0x0000006f6d200000,0x0000006f6d300000) (1024K)]
  0x0000021f1fc8f820 JavaThread "Common-Cleaner"             daemon [_thread_blocked, id=6224, stack(0x0000006f6d300000,0x0000006f6d400000) (1024K)]
  0x0000021f3a9066e0 JavaThread "Notification Thread"        daemon [_thread_blocked, id=7688, stack(0x0000006f6d400000,0x0000006f6d500000) (1024K)]
  0x0000021f3aa47ae0 JavaThread "Java2D Disposer"            daemon [_thread_blocked, id=5856, stack(0x0000006f6d500000,0x0000006f6d600000) (1024K)]
  0x0000021f3aa54440 JavaThread "AWT-Shutdown"                      [_thread_blocked, id=8052, stack(0x0000006f6d600000,0x0000006f6d700000) (1024K)]
  0x0000021f3aa59fe0 JavaThread "AWT-Windows"                daemon [_thread_in_native, id=19016, stack(0x0000006f6d700000,0x0000006f6d800000) (1024K)]
  0x0000021f04c70580 JavaThread "AWT-EventQueue-0"                  [_thread_in_native, id=6080, stack(0x0000006f6dc00000,0x0000006f6dd00000) (1024K)]
  0x0000021f04e498e0 JavaThread "Image Fetcher 0"            daemon [_thread_blocked, id=6192, stack(0x0000006f6de00000,0x0000006f6df00000) (1024K)]
  0x0000021f1fbf2ef0 JavaThread "DestroyJavaVM"                     [_thread_blocked, id=10528, stack(0x0000006f6c200000,0x0000006f6c300000) (1024K)]
Total: 16

Other Threads:
  0x0000021f1fca6070 VMThread "VM Thread"                           [id=18176, stack(0x0000006f6ca00000,0x0000006f6cb00000) (1024K)]
  0x0000021f1fc8e930 WatcherThread "VM Periodic Task Thread"        [id=16884, stack(0x0000006f6c900000,0x0000006f6ca00000) (1024K)]
  0x0000021f1fc23410 WorkerThread "GC Thread#0"                     [id=21356, stack(0x0000006f6c400000,0x0000006f6c500000) (1024K)]
  0x0000021f05072750 WorkerThread "GC Thread#1"                     [id=14940, stack(0x0000006f6e100000,0x0000006f6e200000) (1024K)]
  0x0000021f05072af0 WorkerThread "GC Thread#2"                     [id=21156, stack(0x0000006f6e200000,0x0000006f6e300000) (1024K)]
  0x0000021f04fbc0c0 WorkerThread "GC Thread#3"                     [id=11516, stack(0x0000006f6e300000,0x0000006f6e400000) (1024K)]
  0x0000021f1fc2b070 ConcurrentGCThread "G1 Main Marker"            [id=8480, stack(0x0000006f6c500000,0x0000006f6c600000) (1024K)]
  0x0000021f1fc2bb70 WorkerThread "G1 Conc#0"                       [id=20912, stack(0x0000006f6c600000,0x0000006f6c700000) (1024K)]
  0x0000021f1fc7d870 ConcurrentGCThread "G1 Refine#0"               [id=5100, stack(0x0000006f6c700000,0x0000006f6c800000) (1024K)]
  0x0000021f1fc7e590 ConcurrentGCThread "G1 Service"                [id=1260, stack(0x0000006f6c800000,0x0000006f6c900000) (1024K)]
Total: 10

Threads with active compile tasks:
C2 CompilerThread0     3266 1593   !   4       sun.font.TrueTypeFont::getTableBuffer (208 bytes)
Total: 1

VM state: not at safepoint (normal execution)

VM Mutex/Monitor currently owned by a thread: None

Heap address: 0x00000000c9c00000, size: 868 MB, Compressed Oops mode: 32-bit

CDS archive(s) mapped at: [0x0000021f3b000000-0x0000021f3bc90000-0x0000021f3bc90000), size 13172736, SharedBaseAddress: 0x0000021f3b000000, ArchiveRelocationMode: 1.
Compressed class space mapped at: 0x0000021f3c000000-0x0000021f7c000000, reserved size: 1073741824
Narrow klass base: 0x0000021f3b000000, Narrow klass shift: 0, Narrow klass range: 0x100000000

GC Precious Log:
 CardTable entry size: 512
 Card Set container configuration: InlinePtr #cards 5 size 8 Array Of Cards #cards 12 size 40 Howl #buckets 4 coarsen threshold 1843 Howl Bitmap #cards 512 size 80 coarsen threshold 460 Card regions per heap region 1 cards per card region 2048
 CPUs: 4 total, 4 available
 Memory: 3470M
 Large Page Support: Disabled
 NUMA Support: Disabled
 Compressed Oops: Enabled (32-bit)
 Heap Region Size: 1M
 Heap Min Capacity: 8M
 Heap Initial Capacity: 56M
 Heap Max Capacity: 868M
 Pre-touch: Disabled
 Parallel Workers: 4
 Concurrent Workers: 1
 Concurrent Refinement Workers: 4
 Periodic GC: Disabled

Heap:
 garbage-first heap   total 57344K, used 15264K [0x00000000c9c00000, 0x0000000100000000)
  region size 1024K, 11 young (11264K), 2 survivors (2048K)
 Metaspace       used 10584K, committed 10752K, reserved 1114112K
  class space    used 1253K, committed 1344K, reserved 1048576K

Heap Regions: E=young(eden), S=young(survivor), O=old, HS=humongous(starts), HC=humongous(continues), CS=collection set, F=free, TAMS=top-at-mark-start, PB=parsable bottom
|   0|0x00000000c9c00000, 0x00000000c9d00000, 0x00000000c9d00000|100%|HS|  |TAMS 0x00000000c9c00000| PB 0x00000000c9c00000| Complete 
|   1|0x00000000c9d00000, 0x00000000c9e00000, 0x00000000c9e00000|100%|HC|  |TAMS 0x00000000c9d00000| PB 0x00000000c9d00000| Complete 
|   2|0x00000000c9e00000, 0x00000000c9f00000, 0x00000000c9f00000|100%|HC|  |TAMS 0x00000000c9e00000| PB 0x00000000c9e00000| Complete 
|   3|0x00000000c9f00000, 0x00000000ca000000, 0x00000000ca000000|100%|HC|  |TAMS 0x00000000c9f00000| PB 0x00000000c9f00000| Complete 
|   4|0x00000000ca000000, 0x00000000ca100000, 0x00000000ca100000|100%| O|  |TAMS 0x00000000ca000000| PB 0x00000000ca000000| Untracked 
|   5|0x00000000ca100000, 0x00000000ca1e8020, 0x00000000ca200000| 90%| O|  |TAMS 0x00000000ca100000| PB 0x00000000ca100000| Untracked 
|   6|0x00000000ca200000, 0x00000000ca200000, 0x00000000ca300000|  0%| F|  |TAMS 0x00000000ca200000| PB 0x00000000ca200000| Untracked 
|   7|0x00000000ca300000, 0x00000000ca300000, 0x00000000ca400000|  0%| F|  |TAMS 0x00000000ca300000| PB 0x00000000ca300000| Untracked 
|   8|0x00000000ca400000, 0x00000000ca400000, 0x00000000ca500000|  0%| F|  |TAMS 0x00000000ca400000| PB 0x00000000ca400000| Untracked 
|   9|0x00000000ca500000, 0x00000000ca500000, 0x00000000ca600000|  0%| F|  |TAMS 0x00000000ca500000| PB 0x00000000ca500000| Untracked 
|  10|0x00000000ca600000, 0x00000000ca600000, 0x00000000ca700000|  0%| F|  |TAMS 0x00000000ca600000| PB 0x00000000ca600000| Untracked 
|  11|0x00000000ca700000, 0x00000000ca700000, 0x00000000ca800000|  0%| F|  |TAMS 0x00000000ca700000| PB 0x00000000ca700000| Untracked 
|  12|0x00000000ca800000, 0x00000000ca800000, 0x00000000ca900000|  0%| F|  |TAMS 0x00000000ca800000| PB 0x00000000ca800000| Untracked 
|  13|0x00000000ca900000, 0x00000000ca900000, 0x00000000caa00000|  0%| F|  |TAMS 0x00000000ca900000| PB 0x00000000ca900000| Untracked 
|  14|0x00000000caa00000, 0x00000000caa00000, 0x00000000cab00000|  0%| F|  |TAMS 0x00000000caa00000| PB 0x00000000caa00000| Untracked 
|  15|0x00000000cab00000, 0x00000000cab00000, 0x00000000cac00000|  0%| F|  |TAMS 0x00000000cab00000| PB 0x00000000cab00000| Untracked 
|  16|0x00000000cac00000, 0x00000000cac00000, 0x00000000cad00000|  0%| F|  |TAMS 0x00000000cac00000| PB 0x00000000cac00000| Untracked 
|  17|0x00000000cad00000, 0x00000000cad00000, 0x00000000cae00000|  0%| F|  |TAMS 0x00000000cad00000| PB 0x00000000cad00000| Untracked 
|  18|0x00000000cae00000, 0x00000000cae00000, 0x00000000caf00000|  0%| F|  |TAMS 0x00000000cae00000| PB 0x00000000cae00000| Untracked 
|  19|0x00000000caf00000, 0x00000000caf00000, 0x00000000cb000000|  0%| F|  |TAMS 0x00000000caf00000| PB 0x00000000caf00000| Untracked 
|  20|0x00000000cb000000, 0x00000000cb000000, 0x00000000cb100000|  0%| F|  |TAMS 0x00000000cb000000| PB 0x00000000cb000000| Untracked 
|  21|0x00000000cb100000, 0x00000000cb100000, 0x00000000cb200000|  0%| F|  |TAMS 0x00000000cb100000| PB 0x00000000cb100000| Untracked 
|  22|0x00000000cb200000, 0x00000000cb200000, 0x00000000cb300000|  0%| F|  |TAMS 0x00000000cb200000| PB 0x00000000cb200000| Untracked 
|  23|0x00000000cb300000, 0x00000000cb300000, 0x00000000cb400000|  0%| F|  |TAMS 0x00000000cb300000| PB 0x00000000cb300000| Untracked 
|  24|0x00000000cb400000, 0x00000000cb400000, 0x00000000cb500000|  0%| F|  |TAMS 0x00000000cb400000| PB 0x00000000cb400000| Untracked 
|  25|0x00000000cb500000, 0x00000000cb500000, 0x00000000cb600000|  0%| F|  |TAMS 0x00000000cb500000| PB 0x00000000cb500000| Untracked 
|  26|0x00000000cb600000, 0x00000000cb600000, 0x00000000cb700000|  0%| F|  |TAMS 0x00000000cb600000| PB 0x00000000cb600000| Untracked 
|  27|0x00000000cb700000, 0x00000000cb700000, 0x00000000cb800000|  0%| F|  |TAMS 0x00000000cb700000| PB 0x00000000cb700000| Untracked 
|  28|0x00000000cb800000, 0x00000000cb800000, 0x00000000cb900000|  0%| F|  |TAMS 0x00000000cb800000| PB 0x00000000cb800000| Untracked 
|  29|0x00000000cb900000, 0x00000000cb900000, 0x00000000cba00000|  0%| F|  |TAMS 0x00000000cb900000| PB 0x00000000cb900000| Untracked 
|  30|0x00000000cba00000, 0x00000000cba00000, 0x00000000cbb00000|  0%| F|  |TAMS 0x00000000cba00000| PB 0x00000000cba00000| Untracked 
|  31|0x00000000cbb00000, 0x00000000cbb00000, 0x00000000cbc00000|  0%| F|  |TAMS 0x00000000cbb00000| PB 0x00000000cbb00000| Untracked 
|  32|0x00000000cbc00000, 0x00000000cbc00000, 0x00000000cbd00000|  0%| F|  |TAMS 0x00000000cbc00000| PB 0x00000000cbc00000| Untracked 
|  33|0x00000000cbd00000, 0x00000000cbd00000, 0x00000000cbe00000|  0%| F|  |TAMS 0x00000000cbd00000| PB 0x00000000cbd00000| Untracked 
|  34|0x00000000cbe00000, 0x00000000cbe00000, 0x00000000cbf00000|  0%| F|  |TAMS 0x00000000cbe00000| PB 0x00000000cbe00000| Untracked 
|  35|0x00000000cbf00000, 0x00000000cbf00000, 0x00000000cc000000|  0%| F|  |TAMS 0x00000000cbf00000| PB 0x00000000cbf00000| Untracked 
|  36|0x00000000cc000000, 0x00000000cc000000, 0x00000000cc100000|  0%| F|  |TAMS 0x00000000cc000000| PB 0x00000000cc000000| Untracked 
|  37|0x00000000cc100000, 0x00000000cc100000, 0x00000000cc200000|  0%| F|  |TAMS 0x00000000cc100000| PB 0x00000000cc100000| Untracked 
|  38|0x00000000cc200000, 0x00000000cc200000, 0x00000000cc300000|  0%| F|  |TAMS 0x00000000cc200000| PB 0x00000000cc200000| Untracked 
|  39|0x00000000cc300000, 0x00000000cc300000, 0x00000000cc400000|  0%| F|  |TAMS 0x00000000cc300000| PB 0x00000000cc300000| Untracked 
|  40|0x00000000cc400000, 0x00000000cc400000, 0x00000000cc500000|  0%| F|  |TAMS 0x00000000cc400000| PB 0x00000000cc400000| Untracked 
|  41|0x00000000cc500000, 0x00000000cc600000, 0x00000000cc600000|100%| S|CS|TAMS 0x00000000cc500000| PB 0x00000000cc500000| Complete 
|  42|0x00000000cc600000, 0x00000000cc700000, 0x00000000cc700000|100%| S|CS|TAMS 0x00000000cc600000| PB 0x00000000cc600000| Complete 
|  43|0x00000000cc700000, 0x00000000cc700000, 0x00000000cc800000|  0%| F|  |TAMS 0x00000000cc700000| PB 0x00000000cc700000| Untracked 
|  44|0x00000000cc800000, 0x00000000cc800000, 0x00000000cc900000|  0%| F|  |TAMS 0x00000000cc800000| PB 0x00000000cc800000| Untracked 
|  45|0x00000000cc900000, 0x00000000cc900000, 0x00000000cca00000|  0%| F|  |TAMS 0x00000000cc900000| PB 0x00000000cc900000| Untracked 
|  46|0x00000000cca00000, 0x00000000cca00000, 0x00000000ccb00000|  0%| F|  |TAMS 0x00000000cca00000| PB 0x00000000cca00000| Untracked 
|  47|0x00000000ccb00000, 0x00000000ccbc8a78, 0x00000000ccc00000| 78%| E|  |TAMS 0x00000000ccb00000| PB 0x00000000ccb00000| Complete 
|  48|0x00000000ccc00000, 0x00000000ccd00000, 0x00000000ccd00000|100%| E|CS|TAMS 0x00000000ccc00000| PB 0x00000000ccc00000| Complete 
|  49|0x00000000ccd00000, 0x00000000cce00000, 0x00000000cce00000|100%| E|CS|TAMS 0x00000000ccd00000| PB 0x00000000ccd00000| Complete 
|  50|0x00000000cce00000, 0x00000000ccf00000, 0x00000000ccf00000|100%| E|CS|TAMS 0x00000000cce00000| PB 0x00000000cce00000| Complete 
|  51|0x00000000ccf00000, 0x00000000cd000000, 0x00000000cd000000|100%| E|CS|TAMS 0x00000000ccf00000| PB 0x00000000ccf00000| Complete 
|  52|0x00000000cd000000, 0x00000000cd100000, 0x00000000cd100000|100%| E|CS|TAMS 0x00000000cd000000| PB 0x00000000cd000000| Complete 
|  53|0x00000000cd100000, 0x00000000cd200000, 0x00000000cd200000|100%| E|CS|TAMS 0x00000000cd100000| PB 0x00000000cd100000| Complete 
|  54|0x00000000cd200000, 0x00000000cd300000, 0x00000000cd300000|100%| E|CS|TAMS 0x00000000cd200000| PB 0x00000000cd200000| Complete 
|  55|0x00000000cd300000, 0x00000000cd400000, 0x00000000cd400000|100%| E|  |TAMS 0x00000000cd300000| PB 0x00000000cd300000| Complete 

Card table byte_map: [0x0000021f37210000,0x0000021f373d0000] _byte_map_base: 0x0000021f36bc2000

Marking Bits: (CMBitMap*) 0x0000021f1fc23b10
 Bits: [0x0000021f373d0000, 0x0000021f38160000)

Polling page: 0x0000021f1f3c0000

Metaspace:

Usage:
  Non-class:      9.11 MB used.
      Class:      1.22 MB used.
       Both:     10.34 MB used.

Virtual space:
  Non-class space:       64.00 MB reserved,       9.19 MB ( 14%) committed,  1 nodes.
      Class space:        1.00 GB reserved,       1.31 MB ( <1%) committed,  1 nodes.
             Both:        1.06 GB reserved,      10.50 MB ( <1%) committed. 

Chunk freelists:
   Non-Class:  6.45 MB
       Class:  14.72 MB
        Both:  21.17 MB

MaxMetaspaceSize: unlimited
CompressedClassSpaceSize: 1.00 GB
Initial GC threshold: 21.00 MB
Current GC threshold: 21.00 MB
CDS: on
 - commit_granule_bytes: 65536.
 - commit_granule_words: 8192.
 - virtual_space_node_default_size: 8388608.
 - enlarge_chunks_in_place: 1.
 - use_allocation_guard: 0.


Internal statistics:

num_allocs_failed_limit: 0.
num_arena_births: 158.
num_arena_deaths: 0.
num_vsnodes_births: 2.
num_vsnodes_deaths: 0.
num_space_committed: 168.
num_space_uncommitted: 0.
num_chunks_returned_to_freelist: 0.
num_chunks_taken_from_freelist: 216.
num_chunk_merges: 0.
num_chunk_splits: 131.
num_chunks_enlarged: 53.
num_inconsistent_stats: 0.

CodeHeap 'non-profiled nmethods': size=120000Kb used=479Kb max_used=479Kb free=119520Kb
 bounds [0x0000021f2fb20000, 0x0000021f2fd90000, 0x0000021f37050000]
CodeHeap 'profiled nmethods': size=120000Kb used=2769Kb max_used=2769Kb free=117230Kb
 bounds [0x0000021f28050000, 0x0000021f28310000, 0x0000021f2f580000]
CodeHeap 'non-nmethods': size=5760Kb used=1597Kb max_used=1615Kb free=4162Kb
 bounds [0x0000021f2f580000, 0x0000021f2f7f0000, 0x0000021f2fb20000]
 total_blobs=2257 nmethods=1598 adapters=564
 compilation: enabled
              stopped_count=0, restarted_count=0
 full_count=0

Compilation events (20 events):
Event: 3.193 Thread 0x0000021f3a5be7a0 nmethod 1590 0x0000021f282fe310 code [0x0000021f282fe4c0, 0x0000021f282fe6e0]
Event: 3.194 Thread 0x0000021f3a5bb870 nmethod 1589 0x0000021f2fb97910 code [0x0000021f2fb97aa0, 0x0000021f2fb97b38]
Event: 3.194 Thread 0x0000021f3a5bb870 1586       4       java.nio.Buffer::hasRemaining (17 bytes)
Event: 3.194 Thread 0x0000021f3a5bb870 nmethod 1586 0x0000021f2fb97c10 code [0x0000021f2fb97da0, 0x0000021f2fb97e40]
Event: 3.203 Thread 0x0000021f3a5be7a0 1591       3       java.util.HashMap::prepareArray (38 bytes)
Event: 3.204 Thread 0x0000021f3a5be7a0 nmethod 1591 0x0000021f282fe810 code [0x0000021f282fea00, 0x0000021f282ff018]
Event: 3.204 Thread 0x0000021f3a5be7a0 1592       3       java.util.HashSet::toArray (16 bytes)
Event: 3.204 Thread 0x0000021f3a5be7a0 nmethod 1592 0x0000021f282ff210 code [0x0000021f282ff3c0, 0x0000021f282ff5e0]
Event: 3.205 Thread 0x0000021f3a5bb870 1593   !   4       sun.font.TrueTypeFont::getTableBuffer (208 bytes)
Event: 3.209 Thread 0x0000021f3a5be7a0 1594       3       java.lang.StringUTF16::newBytesFor (61 bytes)
Event: 3.209 Thread 0x0000021f3a5be7a0 nmethod 1594 0x0000021f282ff710 code [0x0000021f282ff980, 0x0000021f283001c8]
Event: 3.212 Thread 0x0000021f3a5be7a0 1596       3       sun.nio.ch.FileChannelImpl::<init> (132 bytes)
Event: 3.213 Thread 0x0000021f3a5be7a0 nmethod 1596 0x0000021f28300510 code [0x0000021f28300760, 0x0000021f28301258]
Event: 3.214 Thread 0x0000021f3a5be7a0 1597       3       java.lang.StringUTF16::hashCode (52 bytes)
Event: 3.214 Thread 0x0000021f3a5be7a0 nmethod 1597 0x0000021f28301590 code [0x0000021f28301760, 0x0000021f28301980]
Event: 3.238 Thread 0x0000021f3a5be7a0 1599   !   3       sun.font.TrueTypeFont::getAllFullNames (30 bytes)
Event: 3.238 Thread 0x0000021f3a5be7a0 nmethod 1599 0x0000021f28301a90 code [0x0000021f28301cc0, 0x0000021f283025b0]
Event: 3.238 Thread 0x0000021f3a5be7a0 1601  s    3       sun.font.FontFamily::addLocaleNames (45 bytes)
Event: 3.239 Thread 0x0000021f3a5be7a0 nmethod 1601 0x0000021f28302890 code [0x0000021f28302ac0, 0x0000021f28303368]
Event: 3.239 Thread 0x0000021f3a5be7a0 1600   !   3       sun.font.TrueTypeFont::getAllFamilyNames (30 bytes)

GC Heap History (2 events):
Event: 2.774 GC heap before
{Heap before GC invocations=0 (full 0):
 garbage-first heap   total 57344K, used 17408K [0x00000000c9c00000, 0x0000000100000000)
  region size 1024K, 13 young (13312K), 0 survivors (0K)
 Metaspace       used 10454K, committed 10624K, reserved 1114112K
  class space    used 1251K, committed 1344K, reserved 1048576K
}
Event: 2.786 GC heap after
{Heap after GC invocations=1 (full 0):
 garbage-first heap   total 57344K, used 8096K [0x00000000c9c00000, 0x0000000100000000)
  region size 1024K, 2 young (2048K), 2 survivors (2048K)
 Metaspace       used 10454K, committed 10624K, reserved 1114112K
  class space    used 1251K, committed 1344K, reserved 1048576K
}

Dll operation events (10 events):
Event: 0.038 Loaded shared library C:\Program Files\Java\jdk-21\bin\java.dll
Event: 0.166 Loaded shared library C:\Program Files\Java\jdk-21\bin\jsvml.dll
Event: 0.200 Loaded shared library C:\Program Files\Java\jdk-21\bin\net.dll
Event: 0.203 Loaded shared library C:\Program Files\Java\jdk-21\bin\nio.dll
Event: 0.225 Loaded shared library C:\Program Files\Java\jdk-21\bin\zip.dll
Event: 0.601 Loaded shared library C:\Program Files\Java\jdk-21\bin\jimage.dll
Event: 0.842 Loaded shared library C:\Program Files\Java\jdk-21\bin\awt.dll
Event: 1.731 Loaded shared library C:\Program Files\Java\jdk-21\bin\verify.dll
Event: 1.958 Loaded shared library C:\Program Files\Java\jdk-21\bin\freetype.dll
Event: 1.959 Loaded shared library C:\Program Files\Java\jdk-21\bin\fontmanager.dll

Deoptimization events (20 events):
Event: 1.995 Thread 0x0000021f1fbf2ef0 Uncommon trap: trap_request=0xffffff45 fr.pc=0x0000021f2fb69688 relative=0x00000000000001e8
Event: 1.995 Thread 0x0000021f1fbf2ef0 Uncommon trap: reason=unstable_if action=reinterpret pc=0x0000021f2fb69688 method=java.lang.StringUTF16.compress([CI[BII)I @ 20 c2
Event: 1.995 Thread 0x0000021f1fbf2ef0 DEOPT PACKING pc=0x0000021f2fb69688 sp=0x0000006f6c2fdb00
Event: 1.995 Thread 0x0000021f1fbf2ef0 DEOPT UNPACKING pc=0x0000021f2f5d46a2 sp=0x0000006f6c2fda70 mode 2
Event: 2.565 Thread 0x0000021f04c70580 Uncommon trap: trap_request=0xffffff45 fr.pc=0x0000021f2fb8516c relative=0x000000000000038c
Event: 2.565 Thread 0x0000021f04c70580 Uncommon trap: reason=unstable_if action=reinterpret pc=0x0000021f2fb8516c method=java.lang.StringLatin1.toLowerCase(Ljava/lang/String;[BLjava/util/Locale;)Ljava/lang/String; @ 43 c2
Event: 2.565 Thread 0x0000021f04c70580 DEOPT PACKING pc=0x0000021f2fb8516c sp=0x0000006f6dcfd600
Event: 2.565 Thread 0x0000021f04c70580 DEOPT UNPACKING pc=0x0000021f2f5d46a2 sp=0x0000006f6dcfd570 mode 2
Event: 3.174 Thread 0x0000021f04c70580 Uncommon trap: trap_request=0xffffff45 fr.pc=0x0000021f2fb2fd58 relative=0x0000000000000298
Event: 3.174 Thread 0x0000021f04c70580 Uncommon trap: reason=unstable_if action=reinterpret pc=0x0000021f2fb2fd58 method=java.lang.String.isLatin1()Z @ 10 c2
Event: 3.174 Thread 0x0000021f04c70580 DEOPT PACKING pc=0x0000021f2fb2fd58 sp=0x0000006f6dcfd4b0
Event: 3.174 Thread 0x0000021f04c70580 DEOPT UNPACKING pc=0x0000021f2f5d46a2 sp=0x0000006f6dcfd3e0 mode 2
Event: 3.174 Thread 0x0000021f04c70580 Uncommon trap: trap_request=0xffffff45 fr.pc=0x0000021f2fb3ebb0 relative=0x0000000000000190
Event: 3.174 Thread 0x0000021f04c70580 Uncommon trap: reason=unstable_if action=reinterpret pc=0x0000021f2fb3ebb0 method=jdk.internal.util.ArraysSupport.vectorizedHashCode(Ljava/lang/Object;IIII)I @ 2 c2
Event: 3.174 Thread 0x0000021f04c70580 DEOPT PACKING pc=0x0000021f2fb3ebb0 sp=0x0000006f6dcfd3b0
Event: 3.174 Thread 0x0000021f04c70580 DEOPT UNPACKING pc=0x0000021f2f5d46a2 sp=0x0000006f6dcfd360 mode 2
Event: 3.191 Thread 0x0000021f04c70580 Uncommon trap: trap_request=0xffffff45 fr.pc=0x0000021f2fb96588 relative=0x0000000000000428
Event: 3.191 Thread 0x0000021f04c70580 Uncommon trap: reason=unstable_if action=reinterpret pc=0x0000021f2fb96588 method=java.lang.Character.isSurrogate(C)Z @ 3 c2
Event: 3.191 Thread 0x0000021f04c70580 DEOPT PACKING pc=0x0000021f2fb96588 sp=0x0000006f6dcfcfc0
Event: 3.191 Thread 0x0000021f04c70580 DEOPT UNPACKING pc=0x0000021f2f5d46a2 sp=0x0000006f6dcfced8 mode 2

Classes loaded (20 events):
Event: 2.456 Loading class sun/java2d/loops/GraphicsPrimitive$GeneralBinaryOp done
Event: 2.456 Loading class sun/java2d/loops/MaskBlit$General done
Event: 2.472 Loading class sun/font/SunFontManager$FamilyDescription
Event: 2.472 Loading class sun/font/SunFontManager$FamilyDescription done
Event: 2.566 Loading class sun/font/SunFontManager$3
Event: 2.567 Loading class sun/font/SunFontManager$3 done
Event: 2.582 Loading class jdk/internal/foreign/MemorySessionImpl
Event: 2.582 Loading class java/lang/foreign/MemorySegment$Scope
Event: 2.582 Loading class java/lang/foreign/MemorySegment$Scope done
Event: 2.582 Loading class jdk/internal/foreign/MemorySessionImpl done
Event: 2.592 Loading class sun/font/SunFontManager$8
Event: 2.593 Loading class sun/font/SunFontManager$8 done
Event: 2.594 Loading class sun/font/SunFontManager$9
Event: 2.594 Loading class sun/font/SunFontManager$9 done
Event: 3.025 Loading class java/nio/channels/ClosedChannelException
Event: 3.025 Loading class java/nio/channels/ClosedChannelException done
Event: 3.025 Loading class java/awt/FontFormatException
Event: 3.025 Loading class java/awt/FontFormatException done
Event: 3.164 Loading class java/lang/foreign/MemorySegment
Event: 3.164 Loading class java/lang/foreign/MemorySegment done

Classes unloaded (0 events):
No events

Classes redefined (0 events):
No events

Internal exceptions (20 events):
Event: 1.558 Thread 0x0000021f1fbf2ef0 Exception <a 'java/lang/NoSuchMethodError'{0x00000000ccee99a0}: 'java.lang.Object java.lang.invoke.DirectMethodHandle$Holder.invokeStatic(java.lang.Object, int, java.lang.Object)'> (0x00000000ccee99a0) 
thrown [s\open\src\hotspot\share\interpreter\linkResolver.cpp, line 773]
Event: 1.621 Thread 0x0000021f1fbf2ef0 Exception <a 'java/lang/ClassNotFoundException'{0x00000000ccd88cd0}: com/sun/swing/internal/plaf/metal/resources/spi/metalProvider> (0x00000000ccd88cd0) 
thrown [s\open\src\hotspot\share\classfile\systemDictionary.cpp, line 312]
Event: 1.626 Thread 0x0000021f1fbf2ef0 Exception <a 'java/lang/ClassNotFoundException'{0x00000000ccd8cc30}: com/sun/swing/internal/plaf/basic/resources/spi/basicProvider> (0x00000000ccd8cc30) 
thrown [s\open\src\hotspot\share\classfile\systemDictionary.cpp, line 312]
Event: 1.666 Thread 0x0000021f1fbf2ef0 Implicit null exception at 0x0000021f2fb3ce66 to 0x0000021f2fb3cf0a
Event: 1.673 Thread 0x0000021f1fbf2ef0 Exception <a 'java/lang/NoSuchMethodError'{0x00000000ccdabdb0}: 'int java.lang.invoke.Invokers$Holder.invokeExact_MT(java.lang.Object, java.lang.Object)'> (0x00000000ccdabdb0) 
thrown [s\open\src\hotspot\share\interpreter\linkResolver.cpp, line 773]
Event: 2.231 Thread 0x0000021f04e498e0 Exception <a 'java/lang/NoSuchMethodError'{0x00000000cc9dcea8}: 'java.lang.Object java.lang.invoke.DirectMethodHandle$Holder.newInvokeSpecial(java.lang.Object, java.lang.Object, java.lang.Object, int, int, int, int, int)'> (0x00000000cc9dcea8) 
thrown [s\open\src\hotspot\share\interpreter\linkResolver.cpp, line 773]
Event: 2.274 Thread 0x0000021f3aa59fe0 Exception <a 'java/lang/NoSuchMethodError'{0x00000000cce517e0}: 'void java.lang.invoke.DirectMethodHandle$Holder.invokeVirtual(java.lang.Object, java.lang.Object)'> (0x00000000cce517e0) 
thrown [s\open\src\hotspot\share\interpreter\linkResolver.cpp, line 773]
Event: 2.304 Thread 0x0000021f1fbf2ef0 Exception <a 'java/lang/NoSuchMethodError'{0x00000000cc8040b0}: 'void java.lang.invoke.DirectMethodHandle$Holder.invokeStaticInit(java.lang.Object)'> (0x00000000cc8040b0) 
thrown [s\open\src\hotspot\share\interpreter\linkResolver.cpp, line 773]
Event: 3.025 Thread 0x0000021f04c70580 Exception <a 'java/io/IOException'{0x00000000cd2f70f8}> (0x00000000cd2f70f8) 
thrown [s\open\src\hotspot\share\prims\jni.cpp, line 520]
Event: 3.025 Thread 0x0000021f04c70580 Implicit null exception at 0x0000021f282b4761 to 0x0000021f282b6562
Event: 3.025 Thread 0x0000021f04c70580 Exception <a 'java/lang/NullPointerException'{0x00000000cd2f7a20}> (0x00000000cd2f7a20) 
thrown [s\open\src\hotspot\share\runtime\sharedRuntime.cpp, line 625]
Event: 3.029 Thread 0x0000021f04c70580 Exception <a 'java/io/IOException'{0x00000000cd2fd318}> (0x00000000cd2fd318) 
thrown [s\open\src\hotspot\share\prims\jni.cpp, line 520]
Event: 3.029 Thread 0x0000021f04c70580 Implicit null exception at 0x0000021f282b4761 to 0x0000021f282b6562
Event: 3.029 Thread 0x0000021f04c70580 Exception <a 'java/lang/NullPointerException'{0x00000000cd2fdb50}> (0x00000000cd2fdb50) 
thrown [s\open\src\hotspot\share\runtime\sharedRuntime.cpp, line 625]
Event: 3.035 Thread 0x0000021f04c70580 Exception <a 'java/io/IOException'{0x00000000cd106b28}> (0x00000000cd106b28) 
thrown [s\open\src\hotspot\share\prims\jni.cpp, line 520]
Event: 3.035 Thread 0x0000021f04c70580 Implicit null exception at 0x0000021f282b4761 to 0x0000021f282b6562
Event: 3.035 Thread 0x0000021f04c70580 Exception <a 'java/lang/NullPointerException'{0x00000000cd107360}> (0x00000000cd107360) 
thrown [s\open\src\hotspot\share\runtime\sharedRuntime.cpp, line 625]
Event: 3.036 Thread 0x0000021f04c70580 Exception <a 'java/io/IOException'{0x00000000cd108940}> (0x00000000cd108940) 
thrown [s\open\src\hotspot\share\prims\jni.cpp, line 520]
Event: 3.036 Thread 0x0000021f04c70580 Implicit null exception at 0x0000021f282b4761 to 0x0000021f282b6562
Event: 3.036 Thread 0x0000021f04c70580 Exception <a 'java/lang/NullPointerException'{0x00000000cd109178}> (0x00000000cd109178) 
thrown [s\open\src\hotspot\share\runtime\sharedRuntime.cpp, line 625]

ZGC Phase Switch (0 events):
No events

VM Operations (20 events):
Event: 0.491 Executing VM operation: HandshakeAllThreads (Deoptimize)
Event: 0.491 Executing VM operation: HandshakeAllThreads (Deoptimize) done
Event: 0.964 Executing VM operation: HandshakeAllThreads (Deoptimize)
Event: 0.964 Executing VM operation: HandshakeAllThreads (Deoptimize) done
Event: 1.720 Executing VM operation: HandshakeAllThreads (Deoptimize)
Event: 1.720 Executing VM operation: HandshakeAllThreads (Deoptimize) done
Event: 1.720 Executing VM operation: Cleanup
Event: 1.720 Executing VM operation: Cleanup done
Event: 1.793 Executing VM operation: HandshakeAllThreads (Deoptimize)
Event: 1.793 Executing VM operation: HandshakeAllThreads (Deoptimize) done
Event: 1.848 Executing VM operation: HandshakeAllThreads (Deoptimize)
Event: 1.848 Executing VM operation: HandshakeAllThreads (Deoptimize) done
Event: 2.227 Executing VM operation: HandshakeAllThreads (Deoptimize)
Event: 2.227 Executing VM operation: HandshakeAllThreads (Deoptimize) done
Event: 2.263 Executing VM operation: HandshakeAllThreads (Deoptimize)
Event: 2.263 Executing VM operation: HandshakeAllThreads (Deoptimize) done
Event: 2.402 Executing VM operation: HandshakeAllThreads (Deoptimize)
Event: 2.402 Executing VM operation: HandshakeAllThreads (Deoptimize) done
Event: 2.773 Executing VM operation: G1CollectForAllocation (G1 Evacuation Pause)
Event: 2.786 Executing VM operation: G1CollectForAllocation (G1 Evacuation Pause) done

Events (18 events):
Event: 0.078 Thread 0x0000021f1fbf2ef0 Thread added: 0x0000021f1fbf2ef0
Event: 0.100 Thread 0x0000021f1fcbe440 Thread added: 0x0000021f1fcbe440
Event: 0.101 Thread 0x0000021f3a5af260 Thread added: 0x0000021f3a5af260
Event: 0.101 Thread 0x0000021f3a5b0ba0 Thread added: 0x0000021f3a5b0ba0
Event: 0.101 Thread 0x0000021f3a5b7e10 Thread added: 0x0000021f3a5b7e10
Event: 0.101 Thread 0x0000021f3a5b5620 Thread added: 0x0000021f3a5b5620
Event: 0.101 Thread 0x0000021f3a5b6ca0 Thread added: 0x0000021f3a5b6ca0
Event: 0.101 Thread 0x0000021f3a5bb870 Thread added: 0x0000021f3a5bb870
Event: 0.102 Thread 0x0000021f3a5be7a0 Thread added: 0x0000021f3a5be7a0
Event: 0.164 Thread 0x0000021f1fc8f820 Thread added: 0x0000021f1fc8f820
Event: 0.565 Thread 0x0000021f3a9066e0 Thread added: 0x0000021f3a9066e0
Event: 1.129 Thread 0x0000021f3aa47ae0 Thread added: 0x0000021f3aa47ae0
Event: 1.134 Thread 0x0000021f3aa54440 Thread added: 0x0000021f3aa54440
Event: 1.137 Thread 0x0000021f3aa59fe0 Thread added: 0x0000021f3aa59fe0
Event: 2.048 Thread 0x0000021f04c70580 Thread added: 0x0000021f04c70580
Event: 2.223 Thread 0x0000021f04e498e0 Thread added: 0x0000021f04e498e0
Event: 2.380 Thread 0x0000021f1fbf2ef0 Thread exited: 0x0000021f1fbf2ef0
Event: 2.380 Thread 0x0000021f1fbf2ef0 Thread added: 0x0000021f1fbf2ef0


Dynamic libraries:
0x00007ff718650000 - 0x00007ff718660000 	C:\Program Files\Java\jdk-21\bin\java.exe
0x00007ffe6f3d0000 - 0x00007ffe6f5e7000 	C:\WINDOWS\SYSTEM32\ntdll.dll
0x00007ffe6dd60000 - 0x00007ffe6de24000 	C:\WINDOWS\System32\KERNEL32.DLL
0x00007ffe6c740000 - 0x00007ffe6cae6000 	C:\WINDOWS\System32\KERNELBASE.dll
0x00007ffe6cd70000 - 0x00007ffe6ce81000 	C:\WINDOWS\System32\ucrtbase.dll
0x00007ffe63530000 - 0x00007ffe63549000 	C:\Program Files\Java\jdk-21\bin\jli.dll
0x00007ffe6e130000 - 0x00007ffe6e1e1000 	C:\WINDOWS\System32\ADVAPI32.dll
0x00007ffe6e610000 - 0x00007ffe6e6b7000 	C:\WINDOWS\System32\msvcrt.dll
0x00007ffe6d120000 - 0x00007ffe6d1c5000 	C:\WINDOWS\System32\sechost.dll
0x00007ffe6f270000 - 0x00007ffe6f387000 	C:\WINDOWS\System32\RPCRT4.dll
0x00007ffe6d6e0000 - 0x00007ffe6d88e000 	C:\WINDOWS\System32\USER32.dll
0x00007ffe6cd40000 - 0x00007ffe6cd66000 	C:\WINDOWS\System32\win32u.dll
0x00007ffe6e250000 - 0x00007ffe6e279000 	C:\WINDOWS\System32\GDI32.dll
0x00007ffe6d000000 - 0x00007ffe6d118000 	C:\WINDOWS\System32\gdi32full.dll
0x00007ffe6cc30000 - 0x00007ffe6ccca000 	C:\WINDOWS\System32\msvcp_win.dll
0x00007ffe619d0000 - 0x00007ffe619eb000 	C:\Program Files\Java\jdk-21\bin\VCRUNTIME140.dll
0x00007ffe63050000 - 0x00007ffe632e3000 	C:\WINDOWS\WinSxS\amd64_microsoft.windows.common-controls_6595b64144ccf1df_6.0.22621.2506_none_270c5ae97388e100\COMCTL32.dll
0x00007ffe62a90000 - 0x00007ffe62a9a000 	C:\WINDOWS\SYSTEM32\VERSION.dll
0x00007ffe6d890000 - 0x00007ffe6d8c1000 	C:\WINDOWS\System32\IMM32.DLL
0x00007ffe662d0000 - 0x00007ffe662dc000 	C:\Program Files\Java\jdk-21\bin\vcruntime140_1.dll
0x00007ffe505e0000 - 0x00007ffe5066e000 	C:\Program Files\Java\jdk-21\bin\msvcp140.dll
0x00007ffe305d0000 - 0x00007ffe312e5000 	C:\Program Files\Java\jdk-21\bin\server\jvm.dll
0x00007ffe6f1f0000 - 0x00007ffe6f261000 	C:\WINDOWS\System32\WS2_32.dll
0x00007ffe6c610000 - 0x00007ffe6c65d000 	C:\WINDOWS\SYSTEM32\POWRPROF.dll
0x00007ffe661b0000 - 0x00007ffe661e4000 	C:\WINDOWS\SYSTEM32\WINMM.dll
0x00007ffe6c5f0000 - 0x00007ffe6c603000 	C:\WINDOWS\SYSTEM32\UMPDC.dll
0x00007ffe6b740000 - 0x00007ffe6b758000 	C:\WINDOWS\SYSTEM32\kernel.appcore.dll
0x00007ffe651e0000 - 0x00007ffe651ea000 	C:\Program Files\Java\jdk-21\bin\jimage.dll
0x00007ffe646a0000 - 0x00007ffe648d3000 	C:\WINDOWS\SYSTEM32\DBGHELP.DLL
0x00007ffe6d1d0000 - 0x00007ffe6d559000 	C:\WINDOWS\System32\combase.dll
0x00007ffe6e6c0000 - 0x00007ffe6e797000 	C:\WINDOWS\System32\OLEAUT32.dll
0x00007ffe63b60000 - 0x00007ffe63b92000 	C:\WINDOWS\SYSTEM32\dbgcore.DLL
0x00007ffe6cbb0000 - 0x00007ffe6cc2a000 	C:\WINDOWS\System32\bcryptPrimitives.dll
0x00007ffe61910000 - 0x00007ffe6192f000 	C:\Program Files\Java\jdk-21\bin\java.dll
0x00007ffe6e800000 - 0x00007ffe6f05a000 	C:\WINDOWS\System32\SHELL32.dll
0x00007ffe6a660000 - 0x00007ffe6af56000 	C:\WINDOWS\SYSTEM32\windows.storage.dll
0x00007ffe6a520000 - 0x00007ffe6a65e000 	C:\WINDOWS\SYSTEM32\wintypes.dll
0x00007ffe6e460000 - 0x00007ffe6e553000 	C:\WINDOWS\System32\SHCORE.dll
0x00007ffe6d5f0000 - 0x00007ffe6d64e000 	C:\WINDOWS\System32\shlwapi.dll
0x00007ffe6c670000 - 0x00007ffe6c696000 	C:\WINDOWS\SYSTEM32\profapi.dll
0x00007ffe5baa0000 - 0x00007ffe5bb77000 	C:\Program Files\Java\jdk-21\bin\jsvml.dll
0x00007ffe63560000 - 0x00007ffe63570000 	C:\Program Files\Java\jdk-21\bin\net.dll
0x00007ffe65df0000 - 0x00007ffe65f27000 	C:\WINDOWS\SYSTEM32\WINHTTP.dll
0x00007ffe6bbc0000 - 0x00007ffe6bc29000 	C:\WINDOWS\system32\mswsock.dll
0x00007ffe60060000 - 0x00007ffe60076000 	C:\Program Files\Java\jdk-21\bin\nio.dll
0x00007ffe5ff20000 - 0x00007ffe5ff38000 	C:\Program Files\Java\jdk-21\bin\zip.dll
0x00007ffe411c0000 - 0x00007ffe4134f000 	C:\Program Files\Java\jdk-21\bin\awt.dll
0x00007ffe69b80000 - 0x00007ffe69c17000 	C:\WINDOWS\SYSTEM32\apphelp.dll
0x00007ffe6a0b0000 - 0x00007ffe6a0db000 	C:\WINDOWS\system32\DWMAPI.DLL
0x00007ffe69c80000 - 0x00007ffe69d2b000 	C:\WINDOWS\system32\uxtheme.dll
0x00007ffe50320000 - 0x00007ffe50420000 	C:\WINDOWS\system32\opengl32.dll
0x00007ffe5ba70000 - 0x00007ffe5ba9d000 	C:\WINDOWS\SYSTEM32\GLU32.dll
0x00007ffe69d80000 - 0x00007ffe69db6000 	C:\WINDOWS\SYSTEM32\dxcore.dll
0x00007ffe6de30000 - 0x00007ffe6df80000 	C:\WINDOWS\System32\MSCTF.dll
0x00007ffe6df80000 - 0x00007ffe6e120000 	C:\WINDOWS\System32\ole32.dll
0x00007ffe182b0000 - 0x00007ffe18459000 	C:\WINDOWS\system32\d3d9.dll
0x00007ffe5df80000 - 0x00007ffe5e13b000 	C:\WINDOWS\System32\DriverStore\FileRepository\u0395576.inf_amd64_2949f08acf1f9e9e\B394313\aticfx64.dll
0x00007ffe61e10000 - 0x00007ffe61e44000 	C:\WINDOWS\System32\DriverStore\FileRepository\u0395576.inf_amd64_2949f08acf1f9e9e\B394313\atiu9p64.dll
0x00007ffe2f870000 - 0x00007ffe305c5000 	C:\WINDOWS\System32\DriverStore\FileRepository\u0395576.inf_amd64_2949f08acf1f9e9e\B394313\atiumd64.dll
0x0000000067a40000 - 0x0000000068952000 	C:\WINDOWS\System32\DriverStore\FileRepository\u0395576.inf_amd64_2949f08acf1f9e9e\B394313\atiumd6a.dll
0x00007ffe6d8e0000 - 0x00007ffe6dd54000 	C:\WINDOWS\System32\SETUPAPI.dll
0x00007ffe5bf70000 - 0x00007ffe5bfa5000 	C:\WINDOWS\SYSTEM32\amdihk64.dll
0x00007ffe61640000 - 0x00007ffe6168a000 	C:\WINDOWS\SYSTEM32\directxdatabasehelper.dll
0x00007ffe63520000 - 0x00007ffe63530000 	C:\Program Files\Java\jdk-21\bin\verify.dll
0x00007ffe44760000 - 0x00007ffe447e7000 	C:\Program Files\Java\jdk-21\bin\freetype.dll
0x00007ffe40460000 - 0x00007ffe40533000 	C:\Program Files\Java\jdk-21\bin\fontmanager.dll
0x00007ffe6e560000 - 0x00007ffe6e610000 	C:\WINDOWS\System32\clbcatq.dll
0x00007ffe68560000 - 0x00007ffe68710000 	C:\WINDOWS\SYSTEM32\WindowsCodecs.dll
0x00007ffe58610000 - 0x00007ffe5866e000 	C:\WINDOWS\system32\dataexchange.dll
0x00007ffe5edc0000 - 0x00007ffe5f045000 	C:\WINDOWS\system32\twinapi.appcore.dll
0x00007ffe5af20000 - 0x00007ffe5b06a000 	C:\WINDOWS\SYSTEM32\textinputframework.dll

dbghelp: loaded successfully - version: 4.0.5 - missing functions: none
symbol engine: initialized successfully - sym options: 0x614 - pdb path: .;C:\Program Files\Java\jdk-21\bin;C:\WINDOWS\SYSTEM32;C:\WINDOWS\WinSxS\amd64_microsoft.windows.common-controls_6595b64144ccf1df_6.0.22621.2506_none_270c5ae97388e100;C:\Program Files\Java\jdk-21\bin\server;C:\WINDOWS\System32\DriverStore\FileRepository\u0395576.inf_amd64_2949f08acf1f9e9e\B394313

VM Arguments:
jvm_args: -Dfile.encoding=UTF-8 --module-path=C:\Users\Administrator\Documents\NetBeansProjects\Employee Management System\build\classes 
java_command: employee.management.system.AddEmp
java_class_path (initial): C:\Users\Administrator\Documents\NetBeansProjects\Employee Management System\src\mysql-connector-java-8.0.28.jar;C:\Users\Administrator\Documents\NetBeansProjects\Employee Management System\src\jcalendar-tz-1.3.3-4.jar;C:\Users\Administrator\Documents\NetBeansProjects\Employee Management System\build\classes
Launcher Type: SUN_STANDARD

[Global flags]
     intx CICompilerCount                          = 3                                         {product} {ergonomic}
     uint ConcGCThreads                            = 1                                         {product} {ergonomic}
     uint G1ConcRefinementThreads                  = 4                                         {product} {ergonomic}
   size_t G1HeapRegionSize                         = 1048576                                   {product} {ergonomic}
    uintx GCDrainStackTargetSize                   = 64                                        {product} {ergonomic}
   size_t InitialHeapSize                          = 58720256                                  {product} {ergonomic}
   size_t MarkStackSize                            = 4194304                                   {product} {ergonomic}
   size_t MaxHeapSize                              = 910163968                                 {product} {ergonomic}
   size_t MaxNewSize                               = 545259520                                 {product} {ergonomic}
   size_t MinHeapDeltaBytes                        = 1048576                                   {product} {ergonomic}
   size_t MinHeapSize                              = 8388608                                   {product} {ergonomic}
    uintx NonNMethodCodeHeapSize                   = 5832780                                {pd product} {ergonomic}
    uintx NonProfiledCodeHeapSize                  = 122912730                              {pd product} {ergonomic}
    uintx ProfiledCodeHeapSize                     = 122912730                              {pd product} {ergonomic}
    uintx ReservedCodeCacheSize                    = 251658240                              {pd product} {ergonomic}
     bool SegmentedCodeCache                       = true                                      {product} {ergonomic}
   size_t SoftMaxHeapSize                          = 910163968                              {manageable} {ergonomic}
     bool UseCompressedOops                        = true                           {product lp64_product} {ergonomic}
     bool UseG1GC                                  = true                                      {product} {ergonomic}
     bool UseLargePagesIndividualAllocation        = false                                  {pd product} {ergonomic}

Logging:
Log output configuration:
 #0: stdout all=warning uptime,level,tags foldmultilines=false
 #1: stderr all=off uptime,level,tags foldmultilines=false

Environment Variables:
PATH=C:\Program Files\Common Files\Oracle\Java\javapath;C:\WINDOWS\system32;C:\WINDOWS;C:\WINDOWS\System32\Wbem;C:\WINDOWS\System32\WindowsPowerShell\v1.0\;C:\WINDOWS\System32\OpenSSH\;C:\Program Files\dotnet\;C:\MinGW\bin;C:\Program Files\Java\jdk-21\bin;C:\Program Files\MySQL\MySQL Shell 8.0\bin\;C:\Users\Administrator\AppData\Local\Programs\Python\Python312\Scripts\;C:\Users\Administrator\AppData\Local\Programs\Python\Python312\;C:\Users\Administrator\AppData\Local\Programs\Python\Launcher\;C:\Users\Administrator\AppData\Local\Microsoft\WindowsApps;C:\MinGW\bin;;C:\Users\Administrator\AppData\Local\Programs\Microsoft VS Code\bin
USERNAME=Administrator
OS=Windows_NT
PROCESSOR_IDENTIFIER=AMD64 Family 23 Model 24 Stepping 1, AuthenticAMD
TMP=C:\Users\ADMINI~1\AppData\Local\Temp
TEMP=C:\Users\ADMINI~1\AppData\Local\Temp




Periodic native trim disabled

---------------  S Y S T E M  ---------------

OS:
 Windows 11 , 64 bit Build 22621 (10.0.22621.2506)
OS uptime: 20 days 11:18 hours

CPU: total 4 (initial active 4) (4 cores per cpu, 2 threads per core) family 23 model 24 stepping 1 microcode 0x0, cx8, cmov, fxsr, ht, mmx, 3dnowpref, sse, sse2, sse3, ssse3, sse4a, sse4.1, sse4.2, popcnt, lzcnt, tsc, tscinvbit, avx, avx2, aes, clmul, bmi1, bmi2, adx, sha, fma, vzeroupper, clflush, clflushopt, rdtscp, f16c
Processor Information for all 4 processors :
  Max Mhz: 2600, Current Mhz: 2600, Mhz Limit: 2600

Memory: 4k page, system-wide physical 3470M (248M free)
TotalPageFile size 14222M (AvailPageFile size 0M)
current process WorkingSet (physical memory assigned to process): 95M, peak: 95M
current process commit charge ("private bytes"): 165M, peak: 165M

vm_info: Java HotSpot(TM) 64-Bit Server VM (21.0.1+12-LTS-29) for windows-amd64 JRE (21.0.1+12-LTS-29), built on 2023-10-05T13:27:09Z by "mach5one" with MS VC++ 17.1 (VS2022)

END.
